<?xml version="1.0" encoding="UTF-8"?>
<!-- Generated by org.testng.reporters.JUnitXMLReporter -->
<testsuite hostname="SL-ENG77-52LJL" ignored="0" name="Client Admin - AdvancedOrganization" tests="1" failures="1" timestamp="30 Apr 2019 08:02:46 GMT" time="0.011" errors="0">
  <testcase name="AdvancedOrganizationTest" time="0.002" classname="office.sirion.suite.clientAdmin.AdvancedOrganization">
    <failure type="org.testng.internal.reflect.MethodMatcherException" message="
Data provider mismatch
Method: AdvancedOrganizationTest([Parameter{index=0, type=java.lang.String, declaredAnnotations=[]}, Parameter{index=1, type=java.lang.String, declaredAnnotations=[]}, Parameter{index=2, type=java.lang.String, declaredAnnotations=[]}, Parameter{index=3, type=java.lang.String, declaredAnnotations=[]}, Parameter{index=4, type=java.lang.String, declaredAnnotations=[]}, Parameter{index=5, type=java.lang.String, declaredAnnotations=[]}, Parameter{index=6, type=java.lang.String, declaredAnnotations=[]}, Parameter{index=7, type=java.lang.String, declaredAnnotations=[]}, Parameter{index=8, type=java.lang.String, declaredAnnotations=[]}, Parameter{index=9, type=java.lang.String, declaredAnnotations=[]}, Parameter{index=10, type=java.lang.String, declaredAnnotations=[]}, Parameter{index=11, type=java.lang.String, declaredAnnotations=[]}, Parameter{index=12, type=java.lang.String, declaredAnnotations=[]}, Parameter{index=13, type=java.lang.String, declaredAnnotations=[]}, Parameter{index=14, type=java.lang.String, declaredAnnotations=[]}, Parameter{index=15, type=java.lang.String, declaredAnnotations=[]}, Parameter{index=16, type=java.lang.String, declaredAnnotations=[]}, Parameter{index=17, type=java.lang.String, declaredAnnotations=[]}, Parameter{index=18, type=java.lang.String, declaredAnnotations=[]}, Parameter{index=19, type=java.lang.String, declaredAnnotations=[]}])
Arguments: [(java.lang.String) Department for Transport,(java.lang.String) London, United Kingdom,(java.lang.String) No,(java.lang.String) Asia/Kolkata (GMT +05:30),(java.lang.String) Automobiles &amp;amp; Components;
Banking;
Capital Goods;
Diversified Financials,(java.lang.String) Yes,(java.lang.String) Yes,(java.lang.String) English - India,(java.lang.String) MODERN,(java.lang.String) No,(java.lang.String) IT;
Human Resources,(java.lang.String) Applications Development &amp;amp; Maintenance;
Applications Servers;
LAN;
Mainframe Services;
Network MNS;
End-User Computing;
Projects;
Service Desk,(java.lang.String) APAC;
EMEA,(java.lang.String) Australia;
Bangladesh;
Cambodia;
China;
Fiji;
French Guiana;
Guam;
Hong Kong;
India;
Japan;
Laos;
Malaysia;
Myanmar;
New Zealand;
North Korea;
Pakistan;
Singapore;
South Korea;
Taiwan;
Thailand;
Vietnam;
Rest of APAC;
United Kingdom;
Germany;
France;
Netherlands;
Belgium;
Luxembourg;
Switzerland;
Ireland;
Austria;
Sweden;
Denmark;
Finland;
Norway;
Spain;
Italy;
Portugal;
Israel;
Turkey;
Greece;
Russia;
Poland;
Ukraine;
Croatia;
Czech Republic;
Austria;
Romania;
Belarus;
Bulgaria;
Slovenia;
Lithuania;
Bosnia and Herzegovina;
Bahrain;
Egypt;
Lebanon;
South Africa;
United Arab Emirates;
Rest of EMEA,(java.lang.String) United States Dollar (USD);
Indian Rupee (INR),(java.lang.String) United States Dollar (USD),(java.lang.String) Direct Conversion,(java.lang.String) USD - INR,(java.lang.String) December-1-2016]">
      <![CDATA[org.testng.internal.reflect.MethodMatcherException: 
Data provider mismatch
Method: AdvancedOrganizationTest([Parameter{index=0, type=java.lang.String, declaredAnnotations=[]}, Parameter{index=1, type=java.lang.String, declaredAnnotations=[]}, Parameter{index=2, type=java.lang.String, declaredAnnotations=[]}, Parameter{index=3, type=java.lang.String, declaredAnnotations=[]}, Parameter{index=4, type=java.lang.String, declaredAnnotations=[]}, Parameter{index=5, type=java.lang.String, declaredAnnotations=[]}, Parameter{index=6, type=java.lang.String, declaredAnnotations=[]}, Parameter{index=7, type=java.lang.String, declaredAnnotations=[]}, Parameter{index=8, type=java.lang.String, declaredAnnotations=[]}, Parameter{index=9, type=java.lang.String, declaredAnnotations=[]}, Parameter{index=10, type=java.lang.String, declaredAnnotations=[]}, Parameter{index=11, type=java.lang.String, declaredAnnotations=[]}, Parameter{index=12, type=java.lang.String, declaredAnnotations=[]}, Parameter{index=13, type=java.lang.String, declaredAnnotations=[]}, Parameter{index=14, type=java.lang.String, declaredAnnotations=[]}, Parameter{index=15, type=java.lang.String, declaredAnnotations=[]}, Parameter{index=16, type=java.lang.String, declaredAnnotations=[]}, Parameter{index=17, type=java.lang.String, declaredAnnotations=[]}, Parameter{index=18, type=java.lang.String, declaredAnnotations=[]}, Parameter{index=19, type=java.lang.String, declaredAnnotations=[]}])
Arguments: [(java.lang.String) Department for Transport,(java.lang.String) London, United Kingdom,(java.lang.String) No,(java.lang.String) Asia/Kolkata (GMT +05:30),(java.lang.String) Automobiles & Components;
Banking;
Capital Goods;
Diversified Financials,(java.lang.String) Yes,(java.lang.String) Yes,(java.lang.String) English - India,(java.lang.String) MODERN,(java.lang.String) No,(java.lang.String) IT;
Human Resources,(java.lang.String) Applications Development & Maintenance;
Applications Servers;
LAN;
Mainframe Services;
Network MNS;
End-User Computing;
Projects;
Service Desk,(java.lang.String) APAC;
EMEA,(java.lang.String) Australia;
Bangladesh;
Cambodia;
China;
Fiji;
French Guiana;
Guam;
Hong Kong;
India;
Japan;
Laos;
Malaysia;
Myanmar;
New Zealand;
North Korea;
Pakistan;
Singapore;
South Korea;
Taiwan;
Thailand;
Vietnam;
Rest of APAC;
United Kingdom;
Germany;
France;
Netherlands;
Belgium;
Luxembourg;
Switzerland;
Ireland;
Austria;
Sweden;
Denmark;
Finland;
Norway;
Spain;
Italy;
Portugal;
Israel;
Turkey;
Greece;
Russia;
Poland;
Ukraine;
Croatia;
Czech Republic;
Austria;
Romania;
Belarus;
Bulgaria;
Slovenia;
Lithuania;
Bosnia and Herzegovina;
Bahrain;
Egypt;
Lebanon;
South Africa;
United Arab Emirates;
Rest of EMEA,(java.lang.String) United States Dollar (USD);
Indian Rupee (INR),(java.lang.String) United States Dollar (USD),(java.lang.String) Direct Conversion,(java.lang.String) USD - INR,(java.lang.String) December-1-2016]
at java.util.concurrent.FutureTask.run(Unknown Source)
at java.util.concurrent.ThreadPoolExecutor.runWorker(Unknown Source)
at java.util.concurrent.ThreadPoolExecutor$Worker.run(Unknown Source)
at java.lang.Thread.run(Unknown Source)
... Removed 11 stack frames]]>
    </failure>
  </testcase> <!-- AdvancedOrganizationTest -->
</testsuite> <!-- Client Admin - AdvancedOrganization -->
