<?xml version="1.0" encoding="UTF-8"?>
<!-- Generated by org.testng.reporters.JUnitXMLReporter -->
<testsuite hostname="SL-ENG77-52LJL" ignored="0" name="Client Admin - Update ContractService" tests="1" failures="1" timestamp="30 Apr 2019 08:02:47 GMT" time="0.09" errors="0">
  <testcase name="@BeforeTest checkTestSkip" time="0.001" classname="office.sirion.suite.clientAdmin.UpdateContractService">
    <skipped/>
  </testcase> <!-- @BeforeTest checkTestSkip -->
  <testcase name="@AfterTest reportTestResult" time="0.0" classname="office.sirion.suite.clientAdmin.UpdateContractService">
    <skipped/>
  </testcase> <!-- @AfterTest reportTestResult -->
  <testcase name="@BeforeTest checkTestSkip" time="0.002" classname="office.sirion.suite.clientAdmin.UpdateFrequency">
    <skipped/>
  </testcase> <!-- @BeforeTest checkTestSkip -->
  <testcase name="@AfterTest reportTestResult" time="0.0" classname="office.sirion.suite.clientAdmin.UpdateFrequency">
    <skipped/>
  </testcase> <!-- @AfterTest reportTestResult -->
  <testcase name="UpdateContractServiceTest" time="0.0" classname="office.sirion.suite.clientAdmin.UpdateContractService">
    <failure type="org.testng.internal.reflect.MethodMatcherException" message="
Data provider mismatch
Method: UpdateContractServiceTest([Parameter{index=0, type=java.lang.String, declaredAnnotations=[]}, Parameter{index=1, type=java.lang.String, declaredAnnotations=[]}, Parameter{index=2, type=java.lang.String, declaredAnnotations=[]}])
Arguments: []">
      <![CDATA[org.testng.internal.reflect.MethodMatcherException: 
Data provider mismatch
Method: UpdateContractServiceTest([Parameter{index=0, type=java.lang.String, declaredAnnotations=[]}, Parameter{index=1, type=java.lang.String, declaredAnnotations=[]}, Parameter{index=2, type=java.lang.String, declaredAnnotations=[]}])
Arguments: []
at java.util.concurrent.FutureTask.run(Unknown Source)
at java.util.concurrent.ThreadPoolExecutor.runWorker(Unknown Source)
at java.util.concurrent.ThreadPoolExecutor$Worker.run(Unknown Source)
at java.lang.Thread.run(Unknown Source)
... Removed 11 stack frames]]>
    </failure>
  </testcase> <!-- UpdateContractServiceTest -->
</testsuite> <!-- Client Admin - Update ContractService -->
