<?xml version="1.0" encoding="UTF-8"?>
<!-- Generated by org.testng.reporters.JUnitXMLReporter -->
<testsuite hostname="SL-ENG77-52LJL" ignored="0" name="Client Admin - Discrepancy Reason Type" tests="1" failures="1" timestamp="30 Apr 2019 08:02:45 GMT" time="0.007" errors="0">
  <testcase name="DiscrepancyReasonTypeCreation" time="0.0" classname="office.sirion.suite.clientAdmin.DiscrepancyReasonType">
    <failure type="org.testng.internal.reflect.MethodMatcherException" message="
Data provider mismatch
Method: DiscrepancyReasonTypeCreation([Parameter{index=0, type=java.lang.String, declaredAnnotations=[]}, Parameter{index=1, type=java.lang.String, declaredAnnotations=[]}, Parameter{index=2, type=java.lang.String, declaredAnnotations=[]}])
Arguments: [(java.lang.String) Budget Baseline Incorrect,(java.lang.String) Budget Baseline Incorrect]">
      <![CDATA[org.testng.internal.reflect.MethodMatcherException: 
Data provider mismatch
Method: DiscrepancyReasonTypeCreation([Parameter{index=0, type=java.lang.String, declaredAnnotations=[]}, Parameter{index=1, type=java.lang.String, declaredAnnotations=[]}, Parameter{index=2, type=java.lang.String, declaredAnnotations=[]}])
Arguments: [(java.lang.String) Budget Baseline Incorrect,(java.lang.String) Budget Baseline Incorrect]
at java.util.concurrent.FutureTask.run(Unknown Source)
at java.util.concurrent.ThreadPoolExecutor.runWorker(Unknown Source)
at java.util.concurrent.ThreadPoolExecutor$Worker.run(Unknown Source)
at java.lang.Thread.run(Unknown Source)
... Removed 11 stack frames]]>
    </failure>
  </testcase> <!-- DiscrepancyReasonTypeCreation -->
</testsuite> <!-- Client Admin - Discrepancy Reason Type -->
