<?xml version="1.0" encoding="UTF-8"?>
<!-- Generated by org.testng.reporters.JUnitXMLReporter -->
<testsuite hostname="SL-ENG77-52LJL" ignored="0" name="Client Admin - Geography" tests="1" failures="1" timestamp="30 Apr 2019 08:02:45 GMT" time="0.015" errors="0">
  <testcase name="GeographyCreation" time="0.003" classname="office.sirion.suite.clientAdmin.Geography">
    <failure type="org.testng.internal.reflect.MethodMatcherException" message="
Data provider mismatch
Method: GeographyCreation([Parameter{index=0, type=java.lang.String, declaredAnnotations=[]}, Parameter{index=1, type=java.lang.String, declaredAnnotations=[]}, Parameter{index=2, type=java.lang.String, declaredAnnotations=[]}, Parameter{index=3, type=java.lang.String, declaredAnnotations=[]}, Parameter{index=4, type=java.lang.String, declaredAnnotations=[]}])
Arguments: [(java.lang.String) GLOBAL,(java.lang.String) Global Region,(java.lang.String) United States Dollar (USD),(java.lang.String) Asia/Kolkata (GMT +05:30)]">
      <![CDATA[org.testng.internal.reflect.MethodMatcherException: 
Data provider mismatch
Method: GeographyCreation([Parameter{index=0, type=java.lang.String, declaredAnnotations=[]}, Parameter{index=1, type=java.lang.String, declaredAnnotations=[]}, Parameter{index=2, type=java.lang.String, declaredAnnotations=[]}, Parameter{index=3, type=java.lang.String, declaredAnnotations=[]}, Parameter{index=4, type=java.lang.String, declaredAnnotations=[]}])
Arguments: [(java.lang.String) GLOBAL,(java.lang.String) Global Region,(java.lang.String) United States Dollar (USD),(java.lang.String) Asia/Kolkata (GMT +05:30)]
at java.util.concurrent.FutureTask.run(Unknown Source)
at java.util.concurrent.ThreadPoolExecutor.runWorker(Unknown Source)
at java.util.concurrent.ThreadPoolExecutor$Worker.run(Unknown Source)
at java.lang.Thread.run(Unknown Source)
... Removed 11 stack frames]]>
    </failure>
  </testcase> <!-- GeographyCreation -->
</testsuite> <!-- Client Admin - Geography -->
