<?xml version="1.0" encoding="UTF-8"?>
<!-- Generated by org.testng.reporters.JUnitXMLReporter -->
<testsuite hostname="SL-ENG77-52LJL" ignored="0" name="Client Admin - Project" tests="1" failures="1" timestamp="30 Apr 2019 08:02:46 GMT" time="0.144" errors="0">
  <testcase name="ProjectCreation" time="0.128" classname="office.sirion.suite.clientAdmin.Project">
    <failure type="org.testng.internal.reflect.MethodMatcherException" message="
Data provider mismatch
Method: ProjectCreation([Parameter{index=0, type=java.lang.String, declaredAnnotations=[]}, Parameter{index=1, type=java.lang.String, declaredAnnotations=[]}, Parameter{index=2, type=java.lang.String, declaredAnnotations=[]}, Parameter{index=3, type=java.lang.String, declaredAnnotations=[]}, Parameter{index=4, type=java.lang.String, declaredAnnotations=[]}, Parameter{index=5, type=java.lang.String, declaredAnnotations=[]}, Parameter{index=6, type=java.lang.String, declaredAnnotations=[]}])
Arguments: [(java.lang.String) ERP Project,(java.lang.String) Indian Rupee (INR),(java.lang.String) December-31-2016,(java.lang.String) December-31-2018,(java.lang.String) 1000000.0,(java.lang.String) 2000000.0]">
      <![CDATA[org.testng.internal.reflect.MethodMatcherException: 
Data provider mismatch
Method: ProjectCreation([Parameter{index=0, type=java.lang.String, declaredAnnotations=[]}, Parameter{index=1, type=java.lang.String, declaredAnnotations=[]}, Parameter{index=2, type=java.lang.String, declaredAnnotations=[]}, Parameter{index=3, type=java.lang.String, declaredAnnotations=[]}, Parameter{index=4, type=java.lang.String, declaredAnnotations=[]}, Parameter{index=5, type=java.lang.String, declaredAnnotations=[]}, Parameter{index=6, type=java.lang.String, declaredAnnotations=[]}])
Arguments: [(java.lang.String) ERP Project,(java.lang.String) Indian Rupee (INR),(java.lang.String) December-31-2016,(java.lang.String) December-31-2018,(java.lang.String) 1000000.0,(java.lang.String) 2000000.0]
at java.util.concurrent.FutureTask.run(Unknown Source)
at java.util.concurrent.ThreadPoolExecutor.runWorker(Unknown Source)
at java.util.concurrent.ThreadPoolExecutor$Worker.run(Unknown Source)
at java.lang.Thread.run(Unknown Source)
... Removed 11 stack frames]]>
    </failure>
  </testcase> <!-- ProjectCreation -->
</testsuite> <!-- Client Admin - Project -->
