<?xml version="1.0" encoding="UTF-8"?>
<!-- Generated by org.testng.reporters.JUnitXMLReporter -->
<testsuite hostname="SL-ENG77-52LJL" ignored="0" name="Client Admin - OBPerformanceType" tests="1" failures="1" timestamp="30 Apr 2019 08:02:41 GMT" time="5.605" errors="0">
  <testcase name="OBPerformanceTypeCreation" time="0.062" classname="office.sirion.suite.clientAdmin.OBPerformanceType">
    <failure type="org.testng.internal.reflect.MethodMatcherException" message="
Data provider mismatch
Method: OBPerformanceTypeCreation([Parameter{index=0, type=java.lang.String, declaredAnnotations=[]}, Parameter{index=1, type=java.lang.String, declaredAnnotations=[]}, Parameter{index=2, type=java.lang.String, declaredAnnotations=[]}])
Arguments: [(java.lang.String) Deliverable,(java.lang.String) Deliverable]">
      <![CDATA[org.testng.internal.reflect.MethodMatcherException: 
Data provider mismatch
Method: OBPerformanceTypeCreation([Parameter{index=0, type=java.lang.String, declaredAnnotations=[]}, Parameter{index=1, type=java.lang.String, declaredAnnotations=[]}, Parameter{index=2, type=java.lang.String, declaredAnnotations=[]}])
Arguments: [(java.lang.String) Deliverable,(java.lang.String) Deliverable]
at java.util.concurrent.FutureTask.run(Unknown Source)
at java.util.concurrent.ThreadPoolExecutor.runWorker(Unknown Source)
at java.util.concurrent.ThreadPoolExecutor$Worker.run(Unknown Source)
at java.lang.Thread.run(Unknown Source)
... Removed 11 stack frames]]>
    </failure>
  </testcase> <!-- OBPerformanceTypeCreation -->
</testsuite> <!-- Client Admin - OBPerformanceType -->
