<?xml version="1.0" encoding="UTF-8"?>
<!-- Generated by org.testng.reporters.JUnitXMLReporter -->
<testsuite hostname="SL-ENG77-52LJL" ignored="0" name="Client Admin - GovernanceBodyType" tests="1" failures="1" timestamp="30 Apr 2019 08:02:44 GMT" time="2.554" errors="0">
  <testcase name="GovernanceBodyTypeCreation" time="0.009" classname="office.sirion.suite.clientAdmin.GovernanceBodyType">
    <failure type="org.testng.internal.reflect.MethodMatcherException" message="
Data provider mismatch
Method: GovernanceBodyTypeCreation([Parameter{index=0, type=java.lang.String, declaredAnnotations=[]}, Parameter{index=1, type=java.lang.String, declaredAnnotations=[]}, Parameter{index=2, type=java.lang.String, declaredAnnotations=[]}])
Arguments: [(java.lang.String) Executive Steering Committee,(java.lang.String) Executive Steering Committee]">
      <![CDATA[org.testng.internal.reflect.MethodMatcherException: 
Data provider mismatch
Method: GovernanceBodyTypeCreation([Parameter{index=0, type=java.lang.String, declaredAnnotations=[]}, Parameter{index=1, type=java.lang.String, declaredAnnotations=[]}, Parameter{index=2, type=java.lang.String, declaredAnnotations=[]}])
Arguments: [(java.lang.String) Executive Steering Committee,(java.lang.String) Executive Steering Committee]
at java.util.concurrent.FutureTask.run(Unknown Source)
at java.util.concurrent.ThreadPoolExecutor.runWorker(Unknown Source)
at java.util.concurrent.ThreadPoolExecutor$Worker.run(Unknown Source)
at java.lang.Thread.run(Unknown Source)
... Removed 11 stack frames]]>
    </failure>
  </testcase> <!-- GovernanceBodyTypeCreation -->
</testsuite> <!-- Client Admin - GovernanceBodyType -->
