<?xml version="1.0" encoding="UTF-8"?>
<!-- Generated by org.testng.reporters.JUnitXMLReporter -->
<testsuite hostname="SL-ENG77-52LJL" ignored="0" name="Client Admin - IssueType" tests="1" failures="1" timestamp="30 Apr 2019 08:02:41 GMT" time="0.726" errors="0">
  <testcase name="IssueTypeCreation" time="0.0" classname="office.sirion.suite.clientAdmin.IssueType">
    <failure type="org.testng.internal.reflect.MethodMatcherException" message="
Data provider mismatch
Method: IssueTypeCreation([Parameter{index=0, type=java.lang.String, declaredAnnotations=[]}, Parameter{index=1, type=java.lang.String, declaredAnnotations=[]}, Parameter{index=2, type=java.lang.String, declaredAnnotations=[]}])
Arguments: [(java.lang.String) 3rd Party Contracts,(java.lang.String) 3rd Party Contracts]">
      <![CDATA[org.testng.internal.reflect.MethodMatcherException: 
Data provider mismatch
Method: IssueTypeCreation([Parameter{index=0, type=java.lang.String, declaredAnnotations=[]}, Parameter{index=1, type=java.lang.String, declaredAnnotations=[]}, Parameter{index=2, type=java.lang.String, declaredAnnotations=[]}])
Arguments: [(java.lang.String) 3rd Party Contracts,(java.lang.String) 3rd Party Contracts]
at java.util.concurrent.FutureTask.run(Unknown Source)
at java.util.concurrent.ThreadPoolExecutor.runWorker(Unknown Source)
at java.util.concurrent.ThreadPoolExecutor$Worker.run(Unknown Source)
at java.lang.Thread.run(Unknown Source)
... Removed 11 stack frames]]>
    </failure>
  </testcase> <!-- IssueTypeCreation -->
</testsuite> <!-- Client Admin - IssueType -->
