<?xml version="1.0" encoding="UTF-8"?>
<!-- Generated by org.testng.reporters.JUnitXMLReporter -->
<testsuite hostname="SL-ENG77-52LJL" ignored="0" name="Client Admin - Password Policy" tests="1" failures="1" timestamp="30 Apr 2019 08:02:49 GMT" time="0.008" errors="0">
  <testcase name="PasswordPolicyTest" time="0.003" classname="office.sirion.suite.clientAdmin.PasswordPolicy">
    <failure type="org.testng.internal.reflect.MethodMatcherException" message="
Data provider mismatch
Method: PasswordPolicyTest([Parameter{index=0, type=java.lang.String, declaredAnnotations=[]}, Parameter{index=1, type=java.lang.String, declaredAnnotations=[]}, Parameter{index=2, type=java.lang.String, declaredAnnotations=[]}, Parameter{index=3, type=java.lang.String, declaredAnnotations=[]}, Parameter{index=4, type=java.lang.String, declaredAnnotations=[]}, Parameter{index=5, type=java.lang.String, declaredAnnotations=[]}, Parameter{index=6, type=java.lang.String, declaredAnnotations=[]}, Parameter{index=7, type=java.lang.String, declaredAnnotations=[]}, Parameter{index=8, type=java.lang.String, declaredAnnotations=[]}, Parameter{index=9, type=java.lang.String, declaredAnnotations=[]}, Parameter{index=10, type=java.lang.String, declaredAnnotations=[]}, Parameter{index=11, type=java.lang.String, declaredAnnotations=[]}, Parameter{index=12, type=java.lang.String, declaredAnnotations=[]}, Parameter{index=13, type=java.lang.String, declaredAnnotations=[]}, Parameter{index=14, type=java.lang.String, declaredAnnotations=[]}, Parameter{index=15, type=java.lang.String, declaredAnnotations=[]}, Parameter{index=16, type=java.lang.String, declaredAnnotations=[]}, Parameter{index=17, type=java.lang.String, declaredAnnotations=[]}])
Arguments: [(java.lang.String) No,(java.lang.String) 30.0,(java.lang.String) 30.0,(java.lang.String) 30.0,(java.lang.String) No,(java.lang.String) 5.0,(java.lang.String) 8.0,(java.lang.String) Must mix alpha and numeric characters,(java.lang.String) Cannot Contain Password,(java.lang.String) 20.0,(java.lang.String) No,(java.lang.String) 60.0,(java.lang.String) No,(java.lang.String) 20.0,(java.lang.String) 180.0,(java.lang.String) No,(java.lang.String) Yes]">
      <![CDATA[org.testng.internal.reflect.MethodMatcherException: 
Data provider mismatch
Method: PasswordPolicyTest([Parameter{index=0, type=java.lang.String, declaredAnnotations=[]}, Parameter{index=1, type=java.lang.String, declaredAnnotations=[]}, Parameter{index=2, type=java.lang.String, declaredAnnotations=[]}, Parameter{index=3, type=java.lang.String, declaredAnnotations=[]}, Parameter{index=4, type=java.lang.String, declaredAnnotations=[]}, Parameter{index=5, type=java.lang.String, declaredAnnotations=[]}, Parameter{index=6, type=java.lang.String, declaredAnnotations=[]}, Parameter{index=7, type=java.lang.String, declaredAnnotations=[]}, Parameter{index=8, type=java.lang.String, declaredAnnotations=[]}, Parameter{index=9, type=java.lang.String, declaredAnnotations=[]}, Parameter{index=10, type=java.lang.String, declaredAnnotations=[]}, Parameter{index=11, type=java.lang.String, declaredAnnotations=[]}, Parameter{index=12, type=java.lang.String, declaredAnnotations=[]}, Parameter{index=13, type=java.lang.String, declaredAnnotations=[]}, Parameter{index=14, type=java.lang.String, declaredAnnotations=[]}, Parameter{index=15, type=java.lang.String, declaredAnnotations=[]}, Parameter{index=16, type=java.lang.String, declaredAnnotations=[]}, Parameter{index=17, type=java.lang.String, declaredAnnotations=[]}])
Arguments: [(java.lang.String) No,(java.lang.String) 30.0,(java.lang.String) 30.0,(java.lang.String) 30.0,(java.lang.String) No,(java.lang.String) 5.0,(java.lang.String) 8.0,(java.lang.String) Must mix alpha and numeric characters,(java.lang.String) Cannot Contain Password,(java.lang.String) 20.0,(java.lang.String) No,(java.lang.String) 60.0,(java.lang.String) No,(java.lang.String) 20.0,(java.lang.String) 180.0,(java.lang.String) No,(java.lang.String) Yes]
at java.util.concurrent.FutureTask.run(Unknown Source)
at java.util.concurrent.ThreadPoolExecutor.runWorker(Unknown Source)
at java.util.concurrent.ThreadPoolExecutor$Worker.run(Unknown Source)
at java.lang.Thread.run(Unknown Source)
... Removed 11 stack frames]]>
    </failure>
  </testcase> <!-- PasswordPolicyTest -->
</testsuite> <!-- Client Admin - Password Policy -->
