<?xml version="1.0" encoding="UTF-8"?>
<!-- Generated by org.testng.reporters.JUnitXMLReporter -->
<testsuite hostname="SL-ENG77-52LJL" ignored="0" name="Client Admin - CompanyCode" tests="1" failures="1" timestamp="30 Apr 2019 08:02:46 GMT" time="0.02" errors="0">
  <testcase name="CompanyCodeCreation" time="0.001" classname="office.sirion.suite.clientAdmin.CompanyCode">
    <failure type="org.testng.internal.reflect.MethodMatcherException" message="
Data provider mismatch
Method: CompanyCodeCreation([Parameter{index=0, type=java.lang.String, declaredAnnotations=[]}, Parameter{index=1, type=java.lang.String, declaredAnnotations=[]}, Parameter{index=2, type=java.lang.String, declaredAnnotations=[]}, Parameter{index=3, type=java.lang.String, declaredAnnotations=[]}, Parameter{index=4, type=java.lang.String, declaredAnnotations=[]}, Parameter{index=5, type=java.lang.String, declaredAnnotations=[]}, Parameter{index=6, type=java.lang.String, declaredAnnotations=[]}])
Arguments: [(java.lang.String) AMEA,(java.lang.String) Safaricom,(java.lang.String) ICP01,(java.lang.String) AE00,(java.lang.String) AE00,(java.lang.String) AE00]">
      <![CDATA[org.testng.internal.reflect.MethodMatcherException: 
Data provider mismatch
Method: CompanyCodeCreation([Parameter{index=0, type=java.lang.String, declaredAnnotations=[]}, Parameter{index=1, type=java.lang.String, declaredAnnotations=[]}, Parameter{index=2, type=java.lang.String, declaredAnnotations=[]}, Parameter{index=3, type=java.lang.String, declaredAnnotations=[]}, Parameter{index=4, type=java.lang.String, declaredAnnotations=[]}, Parameter{index=5, type=java.lang.String, declaredAnnotations=[]}, Parameter{index=6, type=java.lang.String, declaredAnnotations=[]}])
Arguments: [(java.lang.String) AMEA,(java.lang.String) Safaricom,(java.lang.String) ICP01,(java.lang.String) AE00,(java.lang.String) AE00,(java.lang.String) AE00]
at java.util.concurrent.FutureTask.run(Unknown Source)
at java.util.concurrent.ThreadPoolExecutor.runWorker(Unknown Source)
at java.util.concurrent.ThreadPoolExecutor$Worker.run(Unknown Source)
at java.lang.Thread.run(Unknown Source)
... Removed 11 stack frames]]>
    </failure>
  </testcase> <!-- CompanyCodeCreation -->
</testsuite> <!-- Client Admin - CompanyCode -->
