<?xml version="1.0" encoding="UTF-8"?>
<!-- Generated by org.testng.reporters.JUnitXMLReporter -->
<testsuite hostname="SL-ENG77-52LJL" ignored="0" name="Client Admin - SLItem" tests="1" failures="1" timestamp="30 Apr 2019 08:02:39 GMT" time="2.134" errors="0">
  <testcase name="SLItemCreation" time="0.004" classname="office.sirion.suite.clientAdmin.SLItem">
    <failure type="org.testng.internal.reflect.MethodMatcherException" message="
Data provider mismatch
Method: SLItemCreation([Parameter{index=0, type=java.lang.String, declaredAnnotations=[]}, Parameter{index=1, type=java.lang.String, declaredAnnotations=[]}, Parameter{index=2, type=java.lang.String, declaredAnnotations=[]}, Parameter{index=3, type=java.lang.String, declaredAnnotations=[]}, Parameter{index=4, type=java.lang.String, declaredAnnotations=[]}])
Arguments: [(java.lang.String) CSAT,(java.lang.String) Service Desk,(java.lang.String) Speed to Answer After Voice Response Unit (India AO),(java.lang.String) Speed to Answer After Voice Response Unit (India AO)]">
      <![CDATA[org.testng.internal.reflect.MethodMatcherException: 
Data provider mismatch
Method: SLItemCreation([Parameter{index=0, type=java.lang.String, declaredAnnotations=[]}, Parameter{index=1, type=java.lang.String, declaredAnnotations=[]}, Parameter{index=2, type=java.lang.String, declaredAnnotations=[]}, Parameter{index=3, type=java.lang.String, declaredAnnotations=[]}, Parameter{index=4, type=java.lang.String, declaredAnnotations=[]}])
Arguments: [(java.lang.String) CSAT,(java.lang.String) Service Desk,(java.lang.String) Speed to Answer After Voice Response Unit (India AO),(java.lang.String) Speed to Answer After Voice Response Unit (India AO)]
at java.util.concurrent.FutureTask.run(Unknown Source)
at java.util.concurrent.ThreadPoolExecutor.runWorker(Unknown Source)
at java.util.concurrent.ThreadPoolExecutor$Worker.run(Unknown Source)
at java.lang.Thread.run(Unknown Source)
... Removed 11 stack frames]]>
    </failure>
  </testcase> <!-- SLItemCreation -->
</testsuite> <!-- Client Admin - SLItem -->
