<?xml version="1.0" encoding="UTF-8"?>
<!-- Generated by org.testng.reporters.JUnitXMLReporter -->
<testsuite hostname="SL-ENG77-52LJL" ignored="0" name="Client Admin - VendorClassification" tests="1" failures="1" timestamp="30 Apr 2019 08:02:40 GMT" time="0.044" errors="0">
  <testcase name="VendorClassificationCreation" time="0.01" classname="office.sirion.suite.clientAdmin.VendorClassification">
    <failure type="org.testng.internal.reflect.MethodMatcherException" message="
Data provider mismatch
Method: VendorClassificationCreation([Parameter{index=0, type=java.lang.String, declaredAnnotations=[]}, Parameter{index=1, type=java.lang.String, declaredAnnotations=[]}, Parameter{index=2, type=java.lang.String, declaredAnnotations=[]}])
Arguments: [(java.lang.String) Solution Provider,(java.lang.String) Solution Provider]">
      <![CDATA[org.testng.internal.reflect.MethodMatcherException: 
Data provider mismatch
Method: VendorClassificationCreation([Parameter{index=0, type=java.lang.String, declaredAnnotations=[]}, Parameter{index=1, type=java.lang.String, declaredAnnotations=[]}, Parameter{index=2, type=java.lang.String, declaredAnnotations=[]}])
Arguments: [(java.lang.String) Solution Provider,(java.lang.String) Solution Provider]
at java.util.concurrent.FutureTask.run(Unknown Source)
at java.util.concurrent.ThreadPoolExecutor.runWorker(Unknown Source)
at java.util.concurrent.ThreadPoolExecutor$Worker.run(Unknown Source)
at java.lang.Thread.run(Unknown Source)
... Removed 11 stack frames]]>
    </failure>
  </testcase> <!-- VendorClassificationCreation -->
</testsuite> <!-- Client Admin - VendorClassification -->
