<?xml version="1.0" encoding="UTF-8"?>
<!-- Generated by org.testng.reporters.JUnitXMLReporter -->
<testsuite hostname="SL-ENG77-52LJL" ignored="0" name="Client Admin - Update ClauseCategory" tests="1" failures="1" timestamp="30 Apr 2019 08:02:49 GMT" time="0.004" errors="0">
  <testcase name="@BeforeTest checkTestSkip" time="0.0" classname="office.sirion.suite.clientAdmin.UpdateClauseCategory">
    <skipped/>
  </testcase> <!-- @BeforeTest checkTestSkip -->
  <testcase name="@AfterTest reportTestResult" time="0.0" classname="office.sirion.suite.clientAdmin.UpdateClauseCategory">
    <skipped/>
  </testcase> <!-- @AfterTest reportTestResult -->
  <testcase name="@BeforeTest checkTestSkip" time="0.0" classname="office.sirion.suite.clientAdmin.UpdateClauseType">
    <skipped/>
  </testcase> <!-- @BeforeTest checkTestSkip -->
  <testcase name="@AfterTest reportTestResult" time="0.0" classname="office.sirion.suite.clientAdmin.UpdateClauseType">
    <skipped/>
  </testcase> <!-- @AfterTest reportTestResult -->
  <testcase name="UpdateClauseCategoryTest" time="0.001" classname="office.sirion.suite.clientAdmin.UpdateClauseCategory">
    <failure type="org.testng.internal.reflect.MethodMatcherException" message="
Data provider mismatch
Method: UpdateClauseCategoryTest([Parameter{index=0, type=java.lang.String, declaredAnnotations=[]}, Parameter{index=1, type=java.lang.String, declaredAnnotations=[]}, Parameter{index=2, type=java.lang.String, declaredAnnotations=[]}])
Arguments: []">
      <![CDATA[org.testng.internal.reflect.MethodMatcherException: 
Data provider mismatch
Method: UpdateClauseCategoryTest([Parameter{index=0, type=java.lang.String, declaredAnnotations=[]}, Parameter{index=1, type=java.lang.String, declaredAnnotations=[]}, Parameter{index=2, type=java.lang.String, declaredAnnotations=[]}])
Arguments: []
at java.util.concurrent.FutureTask.run(Unknown Source)
at java.util.concurrent.ThreadPoolExecutor.runWorker(Unknown Source)
at java.util.concurrent.ThreadPoolExecutor$Worker.run(Unknown Source)
at java.lang.Thread.run(Unknown Source)
... Removed 11 stack frames]]>
    </failure>
  </testcase> <!-- UpdateClauseCategoryTest -->
</testsuite> <!-- Client Admin - Update ClauseCategory -->
