<?xml version="1.0" encoding="UTF-8"?>
<!-- Generated by org.testng.reporters.JUnitXMLReporter -->
<testsuite hostname="SL-ENG77-52LJL" ignored="0" name="Action - CoomunicationTab" tests="2" failures="2" timestamp="06 Mar 2019 10:56:32 GMT" time="4.716" errors="0">
  <testcase name="ActionCommunicationTest" time="2.063" classname="office.sirion.suite.action.ActionCommunication">
    <failure type="java.lang.NullPointerException">
      <![CDATA[java.lang.NullPointerException
at org.openqa.selenium.support.ui.Select.<init>(Select.java:44)
at office.sirion.suite.action.ActionCommunication.ActionCommunicationTest(ActionCommunication.java:64)
... Removed 25 stack frames]]>
    </failure>
  </testcase> <!-- ActionCommunicationTest -->
  <testcase name="ActionCommunicationTest" time="0.378" classname="office.sirion.suite.action.ActionCommunication">
    <failure type="java.lang.NullPointerException">
      <![CDATA[java.lang.NullPointerException
at org.openqa.selenium.support.ui.Select.<init>(Select.java:44)
at office.sirion.suite.action.ActionCommunication.ActionCommunicationTest(ActionCommunication.java:64)
... Removed 25 stack frames]]>
    </failure>
  </testcase> <!-- ActionCommunicationTest -->
</testsuite> <!-- Action - CoomunicationTab -->
