<?xml version="1.0" encoding="UTF-8"?>
<!-- Generated by org.testng.reporters.JUnitXMLReporter -->
<testsuite hostname="SL-ENG77-52LJL" ignored="0" name="Action - Update" tests="2" failures="2" timestamp="06 Mar 2019 12:29:21 GMT" time="7.908" errors="0">
  <testcase name="ActionUpdateTest" time="2.754" classname="office.sirion.suite.action.ActionUpdate">
    <failure type="java.lang.NullPointerException">
      <![CDATA[java.lang.NullPointerException
at office.sirion.suite.action.ActionUpdate.ActionUpdateTest(ActionUpdate.java:61)
... Removed 25 stack frames]]>
    </failure>
  </testcase> <!-- ActionUpdateTest -->
  <testcase name="ActionUpdateTest" time="2.738" classname="office.sirion.suite.action.ActionUpdate">
    <failure type="java.lang.NullPointerException">
      <![CDATA[java.lang.NullPointerException
at office.sirion.suite.action.ActionUpdate.ActionUpdateTest(ActionUpdate.java:61)
... Removed 25 stack frames]]>
    </failure>
  </testcase> <!-- ActionUpdateTest -->
</testsuite> <!-- Action - Update -->
