<?xml version="1.0" encoding="UTF-8"?>
<!-- Generated by org.testng.reporters.JUnitXMLReporter -->
<testsuite hostname="SL-ENG77-52LJL" ignored="0" name="Action - Workflow" tests="2" failures="2" timestamp="06 Mar 2019 10:56:27 GMT" time="8.373" errors="0">
  <testcase name="ActionWorkflowTest" time="2.722" classname="office.sirion.suite.action.ActionWorkflow">
    <failure type="java.lang.NullPointerException">
      <![CDATA[java.lang.NullPointerException
at office.sirion.suite.action.ActionWorkflow.ActionWorkflowTest(ActionWorkflow.java:52)
... Removed 25 stack frames]]>
    </failure>
  </testcase> <!-- ActionWorkflowTest -->
  <testcase name="ActionWorkflowTest" time="3.42" classname="office.sirion.suite.action.ActionWorkflow">
    <failure type="java.lang.NullPointerException">
      <![CDATA[java.lang.NullPointerException
at office.sirion.suite.action.ActionWorkflow.ActionWorkflowTest(ActionWorkflow.java:52)
... Removed 25 stack frames]]>
    </failure>
  </testcase> <!-- ActionWorkflowTest -->
</testsuite> <!-- Action - Workflow -->
