<?xml version="1.0" encoding="UTF-8"?>
<!-- Generated by org.testng.reporters.JUnitXMLReporter -->
<testsuite ignored="0" hostname="SL-ENG77-DMDXL" failures="0" tests="3" name="Client Admin - Tier" time="0.008" errors="0" timestamp="20 Apr 2020 11:08:06 GMT">
  <testcase classname="office.sirion.suite.clientAdmin.Tier" name="@BeforeTest checkTestSkip" time="0.0">
    <skipped/>
  </testcase> <!-- @BeforeTest checkTestSkip -->
  <testcase classname="office.sirion.suite.clientAdmin.Tier" name="@AfterMethod reportDataSetResult" time="0.0">
    <skipped/>
  </testcase> <!-- @AfterMethod reportDataSetResult -->
  <testcase classname="office.sirion.suite.clientAdmin.Tier" name="@AfterMethod reportDataSetResult" time="0.0">
    <skipped/>
  </testcase> <!-- @AfterMethod reportDataSetResult -->
  <testcase classname="office.sirion.suite.clientAdmin.Tier" name="@AfterMethod reportDataSetResult" time="0.0">
    <skipped/>
  </testcase> <!-- @AfterMethod reportDataSetResult -->
  <testcase classname="office.sirion.suite.clientAdmin.Tier" name="@AfterTest reportTestResult" time="0.0">
    <skipped/>
  </testcase> <!-- @AfterTest reportTestResult -->
  <testcase classname="office.sirion.suite.clientAdmin.RegionHub" name="@BeforeTest checkTestSkip" time="0.0">
    <skipped/>
  </testcase> <!-- @BeforeTest checkTestSkip -->
  <testcase classname="office.sirion.suite.clientAdmin.RegionHub" name="@AfterMethod reportDataSetResult" time="0.0">
    <skipped/>
  </testcase> <!-- @AfterMethod reportDataSetResult -->
  <testcase classname="office.sirion.suite.clientAdmin.RegionHub" name="@AfterMethod reportDataSetResult" time="0.0">
    <skipped/>
  </testcase> <!-- @AfterMethod reportDataSetResult -->
  <testcase classname="office.sirion.suite.clientAdmin.RegionHub" name="@AfterTest reportTestResult" time="0.0">
    <skipped/>
  </testcase> <!-- @AfterTest reportTestResult -->
  <testcase classname="office.sirion.suite.clientAdmin.Tier" name="TierCreation" time="0.0">
    <skipped/>
  </testcase> <!-- TierCreation -->
  <testcase classname="office.sirion.suite.clientAdmin.Tier" name="TierCreation" time="0.0">
    <skipped/>
  </testcase> <!-- TierCreation -->
  <testcase classname="office.sirion.suite.clientAdmin.Tier" name="TierCreation" time="0.0">
    <skipped/>
  </testcase> <!-- TierCreation -->
</testsuite> <!-- Client Admin - Tier -->
