<?xml version="1.0" encoding="UTF-8"?>
<!-- Generated by org.testng.reporters.JUnitXMLReporter -->
<testsuite ignored="0" hostname="SL-ENG77-DMDXL" failures="0" tests="2" name="Client Admin - RiskType" time="0.002" errors="0" timestamp="20 Apr 2020 11:08:06 GMT">
  <testcase classname="office.sirion.suite.clientAdmin.RiskType" name="@BeforeTest checkTestSkip" time="0.0">
    <skipped/>
  </testcase> <!-- @BeforeTest checkTestSkip -->
  <testcase classname="office.sirion.suite.clientAdmin.TransactionType" name="@BeforeTest checkTestSkip" time="0.0">
    <skipped/>
  </testcase> <!-- @BeforeTest checkTestSkip -->
  <testcase classname="office.sirion.suite.clientAdmin.RiskType" name="@AfterMethod reportDataSetResult" time="0.0">
    <skipped/>
  </testcase> <!-- @AfterMethod reportDataSetResult -->
  <testcase classname="office.sirion.suite.clientAdmin.RiskType" name="@AfterMethod reportDataSetResult" time="0.0">
    <skipped/>
  </testcase> <!-- @AfterMethod reportDataSetResult -->
  <testcase classname="office.sirion.suite.clientAdmin.RiskType" name="@AfterTest reportTestResult" time="0.0">
    <skipped/>
  </testcase> <!-- @AfterTest reportTestResult -->
  <testcase classname="office.sirion.suite.clientAdmin.TransactionType" name="@AfterMethod reportDataSetResult" time="0.0">
    <skipped/>
  </testcase> <!-- @AfterMethod reportDataSetResult -->
  <testcase classname="office.sirion.suite.clientAdmin.TransactionType" name="@AfterMethod reportDataSetResult" time="0.0">
    <skipped/>
  </testcase> <!-- @AfterMethod reportDataSetResult -->
  <testcase classname="office.sirion.suite.clientAdmin.TransactionType" name="@AfterTest reportTestResult" time="0.0">
    <skipped/>
  </testcase> <!-- @AfterTest reportTestResult -->
  <testcase classname="office.sirion.suite.clientAdmin.RiskType" name="RiskTypeCreation" time="0.0">
    <skipped/>
  </testcase> <!-- RiskTypeCreation -->
  <testcase classname="office.sirion.suite.clientAdmin.RiskType" name="RiskTypeCreation" time="0.0">
    <skipped/>
  </testcase> <!-- RiskTypeCreation -->
</testsuite> <!-- Client Admin - RiskType -->
