<?xml version="1.0" encoding="UTF-8"?>
<!-- Generated by org.testng.reporters.JUnitXMLReporter -->
<testsuite ignored="0" hostname="SL-ENG77-DMDXL" failures="0" tests="2" name="Client Admin - OBCategory" time="0.062" errors="0" timestamp="20 Apr 2020 11:08:06 GMT">
  <testcase classname="office.sirion.suite.clientAdmin.SLCategory" name="@BeforeTest checkTestSkip" time="0.0">
    <skipped/>
  </testcase> <!-- @BeforeTest checkTestSkip -->
  <testcase classname="office.sirion.suite.clientAdmin.OBCategory" name="@BeforeTest checkTestSkip" time="0.0">
    <skipped/>
  </testcase> <!-- @BeforeTest checkTestSkip -->
  <testcase classname="office.sirion.suite.clientAdmin.OBCategory" name="@AfterMethod reportDataSetResult" time="0.0">
    <skipped/>
  </testcase> <!-- @AfterMethod reportDataSetResult -->
  <testcase classname="office.sirion.suite.clientAdmin.OBCategory" name="@AfterMethod reportDataSetResult" time="0.0">
    <skipped/>
  </testcase> <!-- @AfterMethod reportDataSetResult -->
  <testcase classname="office.sirion.suite.clientAdmin.SLCategory" name="@AfterMethod reportDataSetResult" time="0.0">
    <skipped/>
  </testcase> <!-- @AfterMethod reportDataSetResult -->
  <testcase classname="office.sirion.suite.clientAdmin.SLCategory" name="@AfterMethod reportDataSetResult" time="0.0">
    <skipped/>
  </testcase> <!-- @AfterMethod reportDataSetResult -->
  <testcase classname="office.sirion.suite.clientAdmin.SLCategory" name="@AfterTest reportTestResult" time="0.0">
    <skipped/>
  </testcase> <!-- @AfterTest reportTestResult -->
  <testcase classname="office.sirion.suite.clientAdmin.OBCategory" name="@AfterTest reportTestResult" time="0.0">
    <skipped/>
  </testcase> <!-- @AfterTest reportTestResult -->
  <testcase classname="office.sirion.suite.clientAdmin.OBCategory" name="OBCategoryCreation" time="0.0">
    <skipped/>
  </testcase> <!-- OBCategoryCreation -->
  <testcase classname="office.sirion.suite.clientAdmin.OBCategory" name="OBCategoryCreation" time="0.0">
    <skipped/>
  </testcase> <!-- OBCategoryCreation -->
</testsuite> <!-- Client Admin - OBCategory -->
