<?xml version="1.0" encoding="UTF-8"?>
<!-- Generated by org.testng.reporters.JUnitXMLReporter -->
<testsuite ignored="0" hostname="SL-ENG77-DMDXL" failures="1" tests="1" name="Client Admin - Password Policy" time="0.004" errors="0" timestamp="20 Apr 2020 11:08:07 GMT">
  <testcase classname="office.sirion.suite.clientAdmin.TestSuiteBase" name="@BeforeSuite checkSuiteSkip" time="2.84">
    <skipped/>
  </testcase> <!-- @BeforeSuite checkSuiteSkip -->
  <testcase classname="office.sirion.suite.clientAdmin.PasswordPolicy" name="@BeforeTest checkTestSkip" time="0.0">
    <skipped/>
  </testcase> <!-- @BeforeTest checkTestSkip -->
  <testcase classname="office.sirion.suite.clientAdmin.PasswordPolicy" name="@AfterTest reportTestResult" time="0.0">
    <skipped/>
  </testcase> <!-- @AfterTest reportTestResult -->
  <testcase classname="office.sirion.suite.clientAdmin.PasswordPolicy" name="PasswordPolicyTest" time="0.003">
    <failure type="org.testng.internal.reflect.MethodMatcherException" message="
Data provider mismatch
Method: PasswordPolicyTest([Parameter{index=0, type=java.lang.String, declaredAnnotations=[]}, Parameter{index=1, type=java.lang.String, declaredAnnotations=[]}, Parameter{index=2, type=java.lang.String, declaredAnnotations=[]}, Parameter{index=3, type=java.lang.String, declaredAnnotations=[]}, Parameter{index=4, type=java.lang.String, declaredAnnotations=[]}, Parameter{index=5, type=java.lang.String, declaredAnnotations=[]}, Parameter{index=6, type=java.lang.String, declaredAnnotations=[]}, Parameter{index=7, type=java.lang.String, declaredAnnotations=[]}, Parameter{index=8, type=java.lang.String, declaredAnnotations=[]}, Parameter{index=9, type=java.lang.String, declaredAnnotations=[]}, Parameter{index=10, type=java.lang.String, declaredAnnotations=[]}, Parameter{index=11, type=java.lang.String, declaredAnnotations=[]}, Parameter{index=12, type=java.lang.String, declaredAnnotations=[]}, Parameter{index=13, type=java.lang.String, declaredAnnotations=[]}, Parameter{index=14, type=java.lang.String, declaredAnnotations=[]}, Parameter{index=15, type=java.lang.String, declaredAnnotations=[]}, Parameter{index=16, type=java.lang.String, declaredAnnotations=[]}, Parameter{index=17, type=java.lang.String, declaredAnnotations=[]}])
Arguments: [(java.lang.String) No,(java.lang.String) 30.0,(java.lang.String) 30.0,(java.lang.String) 30.0,(java.lang.String) No,(java.lang.String) 5.0,(java.lang.String) 8.0,(java.lang.String) Must mix alpha and numeric characters,(java.lang.String) Cannot Contain Password,(java.lang.String) 20.0,(java.lang.String) No,(java.lang.String) 60.0,(java.lang.String) No,(java.lang.String) 20.0,(java.lang.String) 180.0,(java.lang.String) No,(java.lang.String) Yes,(java.lang.String) Auto reset users passwords,(java.lang.String) ]">
      <![CDATA[org.testng.internal.reflect.MethodMatcherException: 
Data provider mismatch
Method: PasswordPolicyTest([Parameter{index=0, type=java.lang.String, declaredAnnotations=[]}, Parameter{index=1, type=java.lang.String, declaredAnnotations=[]}, Parameter{index=2, type=java.lang.String, declaredAnnotations=[]}, Parameter{index=3, type=java.lang.String, declaredAnnotations=[]}, Parameter{index=4, type=java.lang.String, declaredAnnotations=[]}, Parameter{index=5, type=java.lang.String, declaredAnnotations=[]}, Parameter{index=6, type=java.lang.String, declaredAnnotations=[]}, Parameter{index=7, type=java.lang.String, declaredAnnotations=[]}, Parameter{index=8, type=java.lang.String, declaredAnnotations=[]}, Parameter{index=9, type=java.lang.String, declaredAnnotations=[]}, Parameter{index=10, type=java.lang.String, declaredAnnotations=[]}, Parameter{index=11, type=java.lang.String, declaredAnnotations=[]}, Parameter{index=12, type=java.lang.String, declaredAnnotations=[]}, Parameter{index=13, type=java.lang.String, declaredAnnotations=[]}, Parameter{index=14, type=java.lang.String, declaredAnnotations=[]}, Parameter{index=15, type=java.lang.String, declaredAnnotations=[]}, Parameter{index=16, type=java.lang.String, declaredAnnotations=[]}, Parameter{index=17, type=java.lang.String, declaredAnnotations=[]}])
Arguments: [(java.lang.String) No,(java.lang.String) 30.0,(java.lang.String) 30.0,(java.lang.String) 30.0,(java.lang.String) No,(java.lang.String) 5.0,(java.lang.String) 8.0,(java.lang.String) Must mix alpha and numeric characters,(java.lang.String) Cannot Contain Password,(java.lang.String) 20.0,(java.lang.String) No,(java.lang.String) 60.0,(java.lang.String) No,(java.lang.String) 20.0,(java.lang.String) 180.0,(java.lang.String) No,(java.lang.String) Yes,(java.lang.String) Auto reset users passwords,(java.lang.String) ]
at java.base/java.util.concurrent.FutureTask.run(FutureTask.java:264)
at java.base/java.util.concurrent.ThreadPoolExecutor.runWorker(ThreadPoolExecutor.java:1167)
at java.base/java.util.concurrent.ThreadPoolExecutor$Worker.run(ThreadPoolExecutor.java:641)
at java.base/java.lang.Thread.run(Thread.java:844)
... Removed 11 stack frames]]>
    </failure>
  </testcase> <!-- PasswordPolicyTest -->
</testsuite> <!-- Client Admin - Password Policy -->
