<?xml version="1.0" encoding="UTF-8"?>
<!-- Generated by org.testng.reporters.JUnitXMLReporter -->
<testsuite ignored="0" hostname="SL-ENG77-DMDXL" failures="0" tests="8" name="Client Admin - Service" time="0.006" errors="0" timestamp="20 Apr 2020 11:08:06 GMT">
  <testcase classname="office.sirion.suite.clientAdmin.Service" name="@BeforeTest checkTestSkip" time="0.0">
    <skipped/>
  </testcase> <!-- @BeforeTest checkTestSkip -->
  <testcase classname="office.sirion.suite.clientAdmin.Service" name="@AfterMethod reportDataSetResult" time="0.0">
    <skipped/>
  </testcase> <!-- @AfterMethod reportDataSetResult -->
  <testcase classname="office.sirion.suite.clientAdmin.Service" name="@AfterMethod reportDataSetResult" time="0.0">
    <skipped/>
  </testcase> <!-- @AfterMethod reportDataSetResult -->
  <testcase classname="office.sirion.suite.clientAdmin.Service" name="@AfterMethod reportDataSetResult" time="0.0">
    <skipped/>
  </testcase> <!-- @AfterMethod reportDataSetResult -->
  <testcase classname="office.sirion.suite.clientAdmin.Service" name="@AfterMethod reportDataSetResult" time="0.0">
    <skipped/>
  </testcase> <!-- @AfterMethod reportDataSetResult -->
  <testcase classname="office.sirion.suite.clientAdmin.Service" name="@AfterMethod reportDataSetResult" time="0.0">
    <skipped/>
  </testcase> <!-- @AfterMethod reportDataSetResult -->
  <testcase classname="office.sirion.suite.clientAdmin.Service" name="@AfterMethod reportDataSetResult" time="0.0">
    <skipped/>
  </testcase> <!-- @AfterMethod reportDataSetResult -->
  <testcase classname="office.sirion.suite.clientAdmin.Service" name="@AfterMethod reportDataSetResult" time="0.0">
    <skipped/>
  </testcase> <!-- @AfterMethod reportDataSetResult -->
  <testcase classname="office.sirion.suite.clientAdmin.Service" name="@AfterMethod reportDataSetResult" time="0.0">
    <skipped/>
  </testcase> <!-- @AfterMethod reportDataSetResult -->
  <testcase classname="office.sirion.suite.clientAdmin.Service" name="@AfterTest reportTestResult" time="0.0">
    <skipped/>
  </testcase> <!-- @AfterTest reportTestResult -->
  <testcase classname="office.sirion.suite.clientAdmin.Service" name="ServiceCreation" time="0.0">
    <skipped/>
  </testcase> <!-- ServiceCreation -->
  <testcase classname="office.sirion.suite.clientAdmin.Service" name="ServiceCreation" time="0.0">
    <skipped/>
  </testcase> <!-- ServiceCreation -->
  <testcase classname="office.sirion.suite.clientAdmin.Service" name="ServiceCreation" time="0.0">
    <skipped/>
  </testcase> <!-- ServiceCreation -->
  <testcase classname="office.sirion.suite.clientAdmin.Service" name="ServiceCreation" time="0.0">
    <skipped/>
  </testcase> <!-- ServiceCreation -->
  <testcase classname="office.sirion.suite.clientAdmin.Service" name="ServiceCreation" time="0.0">
    <skipped/>
  </testcase> <!-- ServiceCreation -->
  <testcase classname="office.sirion.suite.clientAdmin.Service" name="ServiceCreation" time="0.0">
    <skipped/>
  </testcase> <!-- ServiceCreation -->
  <testcase classname="office.sirion.suite.clientAdmin.Service" name="ServiceCreation" time="0.0">
    <skipped/>
  </testcase> <!-- ServiceCreation -->
  <testcase classname="office.sirion.suite.clientAdmin.Service" name="ServiceCreation" time="0.0">
    <skipped/>
  </testcase> <!-- ServiceCreation -->
</testsuite> <!-- Client Admin - Service -->
