<?xml version="1.0" encoding="UTF-8"?>
<!-- Generated by org.testng.reporters.JUnitXMLReporter -->
<testsuite ignored="0" hostname="SL-ENG77-DMDXL" failures="0" tests="2" name="Client Admin - Notification Alert" time="0.005" errors="0" timestamp="20 Apr 2020 11:08:07 GMT">
  <testcase classname="office.sirion.suite.clientAdmin.TestSuiteBase" name="@BeforeSuite checkSuiteSkip" time="2.84">
    <skipped/>
  </testcase> <!-- @BeforeSuite checkSuiteSkip -->
  <testcase classname="office.sirion.suite.clientAdmin.NotificationAlert" name="@BeforeTest checkTestSkip" time="0.0">
    <skipped/>
  </testcase> <!-- @BeforeTest checkTestSkip -->
  <testcase classname="office.sirion.suite.clientAdmin.NotificationAlert" name="@AfterMethod reportDataSetResult" time="0.0">
    <skipped/>
  </testcase> <!-- @AfterMethod reportDataSetResult -->
  <testcase classname="office.sirion.suite.clientAdmin.PasswordPolicy" name="@BeforeTest checkTestSkip" time="0.0">
    <skipped/>
  </testcase> <!-- @BeforeTest checkTestSkip -->
  <testcase classname="office.sirion.suite.clientAdmin.NotificationAlert" name="@AfterMethod reportDataSetResult" time="0.0">
    <skipped/>
  </testcase> <!-- @AfterMethod reportDataSetResult -->
  <testcase classname="office.sirion.suite.clientAdmin.NotificationAlert" name="@AfterTest reportTestResult" time="0.0">
    <skipped/>
  </testcase> <!-- @AfterTest reportTestResult -->
  <testcase classname="office.sirion.suite.clientAdmin.PasswordPolicy" name="@AfterTest reportTestResult" time="0.0">
    <skipped/>
  </testcase> <!-- @AfterTest reportTestResult -->
  <testcase classname="office.sirion.suite.clientAdmin.NotificationAlert" name="NotificationAlertCreation" time="0.0">
    <skipped/>
  </testcase> <!-- NotificationAlertCreation -->
  <testcase classname="office.sirion.suite.clientAdmin.NotificationAlert" name="NotificationAlertCreation" time="0.0">
    <skipped/>
  </testcase> <!-- NotificationAlertCreation -->
</testsuite> <!-- Client Admin - Notification Alert -->
