<?xml version="1.0" encoding="UTF-8"?>
<!-- Generated by org.testng.reporters.JUnitXMLReporter -->
<testsuite ignored="0" hostname="SL-ENG77-DMDXL" failures="0" tests="1" name="Client Admin - ContractService" time="0.059" errors="0" timestamp="20 Apr 2020 11:08:06 GMT">
  <testcase classname="office.sirion.suite.clientAdmin.ContractPaper" name="@BeforeTest checkTestSkip" time="0.0">
    <skipped/>
  </testcase> <!-- @BeforeTest checkTestSkip -->
  <testcase classname="office.sirion.suite.clientAdmin.ContractService" name="@BeforeTest checkTestSkip" time="0.0">
    <skipped/>
  </testcase> <!-- @BeforeTest checkTestSkip -->
  <testcase classname="office.sirion.suite.clientAdmin.ContractService" name="@AfterMethod reportDataSetResult" time="0.0">
    <skipped/>
  </testcase> <!-- @AfterMethod reportDataSetResult -->
  <testcase classname="office.sirion.suite.clientAdmin.ContractPaper" name="@AfterMethod reportDataSetResult" time="0.0">
    <skipped/>
  </testcase> <!-- @AfterMethod reportDataSetResult -->
  <testcase classname="office.sirion.suite.clientAdmin.ContractPaper" name="@AfterMethod reportDataSetResult" time="0.0">
    <skipped/>
  </testcase> <!-- @AfterMethod reportDataSetResult -->
  <testcase classname="office.sirion.suite.clientAdmin.ContractPaper" name="@AfterTest reportTestResult" time="0.0">
    <skipped/>
  </testcase> <!-- @AfterTest reportTestResult -->
  <testcase classname="office.sirion.suite.clientAdmin.ContractService" name="@AfterTest reportTestResult" time="0.0">
    <skipped/>
  </testcase> <!-- @AfterTest reportTestResult -->
  <testcase classname="office.sirion.suite.clientAdmin.ContractService" name="ContractServiceCreation" time="0.0">
    <skipped/>
  </testcase> <!-- ContractServiceCreation -->
</testsuite> <!-- Client Admin - ContractService -->
