<?xml version="1.0" encoding="UTF-8"?>
<!-- Generated by org.testng.reporters.JUnitXMLReporter -->
<testsuite ignored="0" hostname="SL-ENG77-DMDXL" failures="0" tests="2" name="Client Admin - AgreementType" time="0.002" errors="0" timestamp="20 Apr 2020 11:08:06 GMT">
  <testcase classname="office.sirion.suite.clientAdmin.AgreementType" name="@BeforeTest checkTestSkip" time="0.0">
    <skipped/>
  </testcase> <!-- @BeforeTest checkTestSkip -->
  <testcase classname="office.sirion.suite.clientAdmin.ClauseCategory" name="@BeforeTest checkTestSkip" time="0.0">
    <skipped/>
  </testcase> <!-- @BeforeTest checkTestSkip -->
  <testcase classname="office.sirion.suite.clientAdmin.AgreementType" name="@AfterMethod reportDataSetResult" time="0.0">
    <skipped/>
  </testcase> <!-- @AfterMethod reportDataSetResult -->
  <testcase classname="office.sirion.suite.clientAdmin.AgreementType" name="@AfterMethod reportDataSetResult" time="0.0">
    <skipped/>
  </testcase> <!-- @AfterMethod reportDataSetResult -->
  <testcase classname="office.sirion.suite.clientAdmin.AgreementType" name="@AfterTest reportTestResult" time="0.0">
    <skipped/>
  </testcase> <!-- @AfterTest reportTestResult -->
  <testcase classname="office.sirion.suite.clientAdmin.ClauseCategory" name="@AfterMethod reportDataSetResult" time="0.0">
    <skipped/>
  </testcase> <!-- @AfterMethod reportDataSetResult -->
  <testcase classname="office.sirion.suite.clientAdmin.ClauseCategory" name="@AfterMethod reportDataSetResult" time="0.0">
    <skipped/>
  </testcase> <!-- @AfterMethod reportDataSetResult -->
  <testcase classname="office.sirion.suite.clientAdmin.ClauseCategory" name="@AfterTest reportTestResult" time="0.0">
    <skipped/>
  </testcase> <!-- @AfterTest reportTestResult -->
  <testcase classname="office.sirion.suite.clientAdmin.AgreementType" name="AgreementTypeCreation" time="0.0">
    <skipped/>
  </testcase> <!-- AgreementTypeCreation -->
  <testcase classname="office.sirion.suite.clientAdmin.AgreementType" name="AgreementTypeCreation" time="0.0">
    <skipped/>
  </testcase> <!-- AgreementTypeCreation -->
</testsuite> <!-- Client Admin - AgreementType -->
