<?xml version="1.0" encoding="UTF-8"?>
<testng-results ignored="0" total="143" passed="0" failed="45" skipped="98">
  <reporter-output>
  </reporter-output>
  <suite started-at="2020-04-20T11:08:10Z" name="Suite" finished-at="2020-04-20T11:08:10Z" duration-ms="0">
    <groups>
    </groups>
  </suite> <!-- Suite -->
  <suite started-at="2020-04-20T11:08:06Z" name="Client Admin Suite" finished-at="2020-04-20T11:08:07Z" duration-ms="502">
    <groups>
    </groups>
    <test started-at="2020-04-20T11:08:06Z" name="Client Admin - SLItem" finished-at="2020-04-20T11:08:06Z" duration-ms="57">
      <class name="office.sirion.suite.clientAdmin.SLItem">
        <test-method is-config="true" signature="checkTestSkip()[pri:0, instance:office.sirion.suite.clientAdmin.SLItem@cd1e646]" started-at="2020-04-20T11:08:06Z" name="checkTestSkip" finished-at="2020-04-20T11:08:06Z" duration-ms="0" status="SKIP">
          <reporter-output>
          </reporter-output>
        </test-method> <!-- checkTestSkip -->
        <test-method signature="SLItemCreation(java.lang.String, java.lang.String, java.lang.String, java.lang.String, java.lang.String)[pri:0, instance:office.sirion.suite.clientAdmin.SLItem@cd1e646]" started-at="2020-04-20T11:08:06Z" name="SLItemCreation" data-provider="getTestData" finished-at="2020-04-20T11:08:06Z" duration-ms="0" status="SKIP">
          <reporter-output>
          </reporter-output>
        </test-method> <!-- SLItemCreation -->
        <test-method is-config="true" signature="reportDataSetResult(org.testng.ITestResult)[pri:0, instance:office.sirion.suite.clientAdmin.SLItem@cd1e646]" started-at="2020-04-20T11:08:06Z" name="reportDataSetResult" finished-at="2020-04-20T11:08:06Z" duration-ms="0" status="SKIP">
          <reporter-output>
          </reporter-output>
        </test-method> <!-- reportDataSetResult -->
        <test-method signature="SLItemCreation(java.lang.String, java.lang.String, java.lang.String, java.lang.String, java.lang.String)[pri:0, instance:office.sirion.suite.clientAdmin.SLItem@cd1e646]" started-at="2020-04-20T11:08:06Z" name="SLItemCreation" data-provider="getTestData" finished-at="2020-04-20T11:08:06Z" duration-ms="0" status="SKIP">
          <reporter-output>
          </reporter-output>
        </test-method> <!-- SLItemCreation -->
        <test-method is-config="true" signature="reportDataSetResult(org.testng.ITestResult)[pri:0, instance:office.sirion.suite.clientAdmin.SLItem@cd1e646]" started-at="2020-04-20T11:08:06Z" name="reportDataSetResult" finished-at="2020-04-20T11:08:06Z" duration-ms="0" status="SKIP">
          <reporter-output>
          </reporter-output>
        </test-method> <!-- reportDataSetResult -->
        <test-method is-config="true" signature="reportTestResult()[pri:0, instance:office.sirion.suite.clientAdmin.SLItem@cd1e646]" started-at="2020-04-20T11:08:06Z" name="reportTestResult" finished-at="2020-04-20T11:08:06Z" duration-ms="0" status="SKIP">
          <reporter-output>
          </reporter-output>
        </test-method> <!-- reportTestResult -->
      </class> <!-- office.sirion.suite.clientAdmin.SLItem -->
    </test> <!-- Client Admin - SLItem -->
    <test started-at="2020-04-20T11:08:06Z" name="Client Admin - SLSubCategory" finished-at="2020-04-20T11:08:06Z" duration-ms="60">
      <class name="office.sirion.suite.clientAdmin.SLSubCategory">
        <test-method is-config="true" signature="checkTestSkip()[pri:0, instance:office.sirion.suite.clientAdmin.SLSubCategory@4bbf6d0e]" started-at="2020-04-20T11:08:06Z" name="checkTestSkip" finished-at="2020-04-20T11:08:06Z" duration-ms="0" status="SKIP">
          <reporter-output>
          </reporter-output>
        </test-method> <!-- checkTestSkip -->
        <test-method signature="SLSubCategoryCreation(java.lang.String, java.lang.String, java.lang.String, java.lang.String)[pri:0, instance:office.sirion.suite.clientAdmin.SLSubCategory@4bbf6d0e]" started-at="2020-04-20T11:08:06Z" name="SLSubCategoryCreation" data-provider="getTestData" finished-at="2020-04-20T11:08:06Z" duration-ms="0" status="SKIP">
          <reporter-output>
          </reporter-output>
        </test-method> <!-- SLSubCategoryCreation -->
        <test-method is-config="true" signature="reportDataSetResult(org.testng.ITestResult)[pri:0, instance:office.sirion.suite.clientAdmin.SLSubCategory@4bbf6d0e]" started-at="2020-04-20T11:08:06Z" name="reportDataSetResult" finished-at="2020-04-20T11:08:06Z" duration-ms="0" status="SKIP">
          <reporter-output>
          </reporter-output>
        </test-method> <!-- reportDataSetResult -->
        <test-method signature="SLSubCategoryCreation(java.lang.String, java.lang.String, java.lang.String, java.lang.String)[pri:0, instance:office.sirion.suite.clientAdmin.SLSubCategory@4bbf6d0e]" started-at="2020-04-20T11:08:06Z" name="SLSubCategoryCreation" data-provider="getTestData" finished-at="2020-04-20T11:08:06Z" duration-ms="0" status="SKIP">
          <reporter-output>
          </reporter-output>
        </test-method> <!-- SLSubCategoryCreation -->
        <test-method is-config="true" signature="reportDataSetResult(org.testng.ITestResult)[pri:0, instance:office.sirion.suite.clientAdmin.SLSubCategory@4bbf6d0e]" started-at="2020-04-20T11:08:06Z" name="reportDataSetResult" finished-at="2020-04-20T11:08:06Z" duration-ms="0" status="SKIP">
          <reporter-output>
          </reporter-output>
        </test-method> <!-- reportDataSetResult -->
        <test-method is-config="true" signature="reportTestResult()[pri:0, instance:office.sirion.suite.clientAdmin.SLSubCategory@4bbf6d0e]" started-at="2020-04-20T11:08:06Z" name="reportTestResult" finished-at="2020-04-20T11:08:06Z" duration-ms="0" status="SKIP">
          <reporter-output>
          </reporter-output>
        </test-method> <!-- reportTestResult -->
      </class> <!-- office.sirion.suite.clientAdmin.SLSubCategory -->
    </test> <!-- Client Admin - SLSubCategory -->
    <test started-at="2020-04-20T11:08:06Z" name="Client Admin - ServiceCategory" finished-at="2020-04-20T11:08:06Z" duration-ms="58">
      <class name="office.sirion.suite.clientAdmin.ServiceCategory">
        <test-method is-config="true" signature="checkTestSkip()[pri:0, instance:office.sirion.suite.clientAdmin.ServiceCategory@3336e6b6]" started-at="2020-04-20T11:08:06Z" name="checkTestSkip" finished-at="2020-04-20T11:08:06Z" duration-ms="0" status="SKIP">
          <reporter-output>
          </reporter-output>
        </test-method> <!-- checkTestSkip -->
        <test-method signature="ServiceCategoryCreation(java.lang.String, java.lang.String, java.lang.String)[pri:0, instance:office.sirion.suite.clientAdmin.ServiceCategory@3336e6b6]" started-at="2020-04-20T11:08:06Z" name="ServiceCategoryCreation" data-provider="getTestData" finished-at="2020-04-20T11:08:06Z" duration-ms="0" status="SKIP">
          <reporter-output>
          </reporter-output>
        </test-method> <!-- ServiceCategoryCreation -->
        <test-method signature="ServiceCategoryCreation(java.lang.String, java.lang.String, java.lang.String)[pri:0, instance:office.sirion.suite.clientAdmin.ServiceCategory@3336e6b6]" started-at="2020-04-20T11:08:06Z" name="ServiceCategoryCreation" data-provider="getTestData" finished-at="2020-04-20T11:08:06Z" duration-ms="0" status="SKIP">
          <reporter-output>
          </reporter-output>
        </test-method> <!-- ServiceCategoryCreation -->
        <test-method is-config="true" signature="reportDataSetResult(org.testng.ITestResult)[pri:0, instance:office.sirion.suite.clientAdmin.ServiceCategory@3336e6b6]" started-at="2020-04-20T11:08:06Z" name="reportDataSetResult" finished-at="2020-04-20T11:08:06Z" duration-ms="0" status="SKIP">
          <reporter-output>
          </reporter-output>
        </test-method> <!-- reportDataSetResult -->
        <test-method is-config="true" signature="reportDataSetResult(org.testng.ITestResult)[pri:0, instance:office.sirion.suite.clientAdmin.ServiceCategory@3336e6b6]" started-at="2020-04-20T11:08:06Z" name="reportDataSetResult" finished-at="2020-04-20T11:08:06Z" duration-ms="0" status="SKIP">
          <reporter-output>
          </reporter-output>
        </test-method> <!-- reportDataSetResult -->
        <test-method is-config="true" signature="reportTestResult()[pri:0, instance:office.sirion.suite.clientAdmin.ServiceCategory@3336e6b6]" started-at="2020-04-20T11:08:06Z" name="reportTestResult" finished-at="2020-04-20T11:08:06Z" duration-ms="0" status="SKIP">
          <reporter-output>
          </reporter-output>
        </test-method> <!-- reportTestResult -->
      </class> <!-- office.sirion.suite.clientAdmin.ServiceCategory -->
    </test> <!-- Client Admin - ServiceCategory -->
    <test started-at="2020-04-20T11:08:06Z" name="Client Admin - ContractPaper" finished-at="2020-04-20T11:08:06Z" duration-ms="57">
      <class name="office.sirion.suite.clientAdmin.ContractPaper">
        <test-method is-config="true" signature="checkTestSkip()[pri:0, instance:office.sirion.suite.clientAdmin.ContractPaper@2e32ccc5]" started-at="2020-04-20T11:08:06Z" name="checkTestSkip" finished-at="2020-04-20T11:08:06Z" duration-ms="0" status="SKIP">
          <reporter-output>
          </reporter-output>
        </test-method> <!-- checkTestSkip -->
        <test-method signature="ContractPaperCreation(java.lang.String, java.lang.String, java.lang.String)[pri:0, instance:office.sirion.suite.clientAdmin.ContractPaper@2e32ccc5]" started-at="2020-04-20T11:08:06Z" name="ContractPaperCreation" data-provider="getTestData" finished-at="2020-04-20T11:08:06Z" duration-ms="0" status="SKIP">
          <reporter-output>
          </reporter-output>
        </test-method> <!-- ContractPaperCreation -->
        <test-method is-config="true" signature="reportDataSetResult(org.testng.ITestResult)[pri:0, instance:office.sirion.suite.clientAdmin.ContractPaper@2e32ccc5]" started-at="2020-04-20T11:08:06Z" name="reportDataSetResult" finished-at="2020-04-20T11:08:06Z" duration-ms="0" status="SKIP">
          <reporter-output>
          </reporter-output>
        </test-method> <!-- reportDataSetResult -->
        <test-method signature="ContractPaperCreation(java.lang.String, java.lang.String, java.lang.String)[pri:0, instance:office.sirion.suite.clientAdmin.ContractPaper@2e32ccc5]" started-at="2020-04-20T11:08:06Z" name="ContractPaperCreation" data-provider="getTestData" finished-at="2020-04-20T11:08:06Z" duration-ms="0" status="SKIP">
          <reporter-output>
          </reporter-output>
        </test-method> <!-- ContractPaperCreation -->
        <test-method is-config="true" signature="reportDataSetResult(org.testng.ITestResult)[pri:0, instance:office.sirion.suite.clientAdmin.ContractPaper@2e32ccc5]" started-at="2020-04-20T11:08:06Z" name="reportDataSetResult" finished-at="2020-04-20T11:08:06Z" duration-ms="0" status="SKIP">
          <reporter-output>
          </reporter-output>
        </test-method> <!-- reportDataSetResult -->
        <test-method is-config="true" signature="reportTestResult()[pri:0, instance:office.sirion.suite.clientAdmin.ContractPaper@2e32ccc5]" started-at="2020-04-20T11:08:06Z" name="reportTestResult" finished-at="2020-04-20T11:08:06Z" duration-ms="0" status="SKIP">
          <reporter-output>
          </reporter-output>
        </test-method> <!-- reportTestResult -->
      </class> <!-- office.sirion.suite.clientAdmin.ContractPaper -->
    </test> <!-- Client Admin - ContractPaper -->
    <test started-at="2020-04-20T11:08:06Z" name="Client Admin - OBCategory" finished-at="2020-04-20T11:08:06Z" duration-ms="62">
      <class name="office.sirion.suite.clientAdmin.OBCategory">
        <test-method is-config="true" signature="checkTestSkip()[pri:0, instance:office.sirion.suite.clientAdmin.OBCategory@4b2c5e02]" started-at="2020-04-20T11:08:06Z" name="checkTestSkip" finished-at="2020-04-20T11:08:06Z" duration-ms="0" status="SKIP">
          <reporter-output>
          </reporter-output>
        </test-method> <!-- checkTestSkip -->
        <test-method signature="OBCategoryCreation(java.lang.String, java.lang.String, java.lang.String)[pri:0, instance:office.sirion.suite.clientAdmin.OBCategory@4b2c5e02]" started-at="2020-04-20T11:08:06Z" name="OBCategoryCreation" data-provider="getTestData" finished-at="2020-04-20T11:08:06Z" duration-ms="0" status="SKIP">
          <reporter-output>
          </reporter-output>
        </test-method> <!-- OBCategoryCreation -->
        <test-method is-config="true" signature="reportDataSetResult(org.testng.ITestResult)[pri:0, instance:office.sirion.suite.clientAdmin.OBCategory@4b2c5e02]" started-at="2020-04-20T11:08:06Z" name="reportDataSetResult" finished-at="2020-04-20T11:08:06Z" duration-ms="0" status="SKIP">
          <reporter-output>
          </reporter-output>
        </test-method> <!-- reportDataSetResult -->
        <test-method signature="OBCategoryCreation(java.lang.String, java.lang.String, java.lang.String)[pri:0, instance:office.sirion.suite.clientAdmin.OBCategory@4b2c5e02]" started-at="2020-04-20T11:08:06Z" name="OBCategoryCreation" data-provider="getTestData" finished-at="2020-04-20T11:08:06Z" duration-ms="0" status="SKIP">
          <reporter-output>
          </reporter-output>
        </test-method> <!-- OBCategoryCreation -->
        <test-method is-config="true" signature="reportDataSetResult(org.testng.ITestResult)[pri:0, instance:office.sirion.suite.clientAdmin.OBCategory@4b2c5e02]" started-at="2020-04-20T11:08:06Z" name="reportDataSetResult" finished-at="2020-04-20T11:08:06Z" duration-ms="0" status="SKIP">
          <reporter-output>
          </reporter-output>
        </test-method> <!-- reportDataSetResult -->
        <test-method is-config="true" signature="reportTestResult()[pri:0, instance:office.sirion.suite.clientAdmin.OBCategory@4b2c5e02]" started-at="2020-04-20T11:08:06Z" name="reportTestResult" finished-at="2020-04-20T11:08:06Z" duration-ms="0" status="SKIP">
          <reporter-output>
          </reporter-output>
        </test-method> <!-- reportTestResult -->
      </class> <!-- office.sirion.suite.clientAdmin.OBCategory -->
    </test> <!-- Client Admin - OBCategory -->
    <test started-at="2020-04-20T11:08:06Z" name="Client Admin - OBPerformanceType" finished-at="2020-04-20T11:08:06Z" duration-ms="58">
      <class name="office.sirion.suite.clientAdmin.OBPerformanceType">
        <test-method is-config="true" signature="checkTestSkip()[pri:0, instance:office.sirion.suite.clientAdmin.OBPerformanceType@1f760b47]" started-at="2020-04-20T11:08:06Z" name="checkTestSkip" finished-at="2020-04-20T11:08:06Z" duration-ms="0" status="SKIP">
          <reporter-output>
          </reporter-output>
        </test-method> <!-- checkTestSkip -->
        <test-method is-config="true" signature="reportDataSetResult(org.testng.ITestResult)[pri:0, instance:office.sirion.suite.clientAdmin.OBPerformanceType@1f760b47]" started-at="2020-04-20T11:08:06Z" name="reportDataSetResult" finished-at="2020-04-20T11:08:06Z" duration-ms="0" status="SKIP">
          <reporter-output>
          </reporter-output>
        </test-method> <!-- reportDataSetResult -->
        <test-method signature="OBPerformanceTypeCreation(java.lang.String, java.lang.String, java.lang.String)[pri:0, instance:office.sirion.suite.clientAdmin.OBPerformanceType@1f760b47]" started-at="2020-04-20T11:08:06Z" name="OBPerformanceTypeCreation" data-provider="getTestData" finished-at="2020-04-20T11:08:06Z" duration-ms="0" status="SKIP">
          <reporter-output>
          </reporter-output>
        </test-method> <!-- OBPerformanceTypeCreation -->
        <test-method signature="OBPerformanceTypeCreation(java.lang.String, java.lang.String, java.lang.String)[pri:0, instance:office.sirion.suite.clientAdmin.OBPerformanceType@1f760b47]" started-at="2020-04-20T11:08:06Z" name="OBPerformanceTypeCreation" data-provider="getTestData" finished-at="2020-04-20T11:08:06Z" duration-ms="0" status="SKIP">
          <reporter-output>
          </reporter-output>
        </test-method> <!-- OBPerformanceTypeCreation -->
        <test-method is-config="true" signature="reportDataSetResult(org.testng.ITestResult)[pri:0, instance:office.sirion.suite.clientAdmin.OBPerformanceType@1f760b47]" started-at="2020-04-20T11:08:06Z" name="reportDataSetResult" finished-at="2020-04-20T11:08:06Z" duration-ms="0" status="SKIP">
          <reporter-output>
          </reporter-output>
        </test-method> <!-- reportDataSetResult -->
        <test-method is-config="true" signature="reportTestResult()[pri:0, instance:office.sirion.suite.clientAdmin.OBPerformanceType@1f760b47]" started-at="2020-04-20T11:08:06Z" name="reportTestResult" finished-at="2020-04-20T11:08:06Z" duration-ms="0" status="SKIP">
          <reporter-output>
          </reporter-output>
        </test-method> <!-- reportTestResult -->
      </class> <!-- office.sirion.suite.clientAdmin.OBPerformanceType -->
    </test> <!-- Client Admin - OBPerformanceType -->
    <test started-at="2020-04-20T11:08:06Z" name="Client Admin - ContractService" finished-at="2020-04-20T11:08:06Z" duration-ms="59">
      <class name="office.sirion.suite.clientAdmin.ContractService">
        <test-method is-config="true" signature="checkTestSkip()[pri:0, instance:office.sirion.suite.clientAdmin.ContractService@495ee280]" started-at="2020-04-20T11:08:06Z" name="checkTestSkip" finished-at="2020-04-20T11:08:06Z" duration-ms="0" status="SKIP">
          <reporter-output>
          </reporter-output>
        </test-method> <!-- checkTestSkip -->
        <test-method signature="ContractServiceCreation(java.lang.String, java.lang.String, java.lang.String)[pri:0, instance:office.sirion.suite.clientAdmin.ContractService@495ee280]" started-at="2020-04-20T11:08:06Z" name="ContractServiceCreation" data-provider="getTestData" finished-at="2020-04-20T11:08:06Z" duration-ms="0" status="SKIP">
          <reporter-output>
          </reporter-output>
        </test-method> <!-- ContractServiceCreation -->
        <test-method is-config="true" signature="reportDataSetResult(org.testng.ITestResult)[pri:0, instance:office.sirion.suite.clientAdmin.ContractService@495ee280]" started-at="2020-04-20T11:08:06Z" name="reportDataSetResult" finished-at="2020-04-20T11:08:06Z" duration-ms="0" status="SKIP">
          <reporter-output>
          </reporter-output>
        </test-method> <!-- reportDataSetResult -->
        <test-method is-config="true" signature="reportTestResult()[pri:0, instance:office.sirion.suite.clientAdmin.ContractService@495ee280]" started-at="2020-04-20T11:08:06Z" name="reportTestResult" finished-at="2020-04-20T11:08:06Z" duration-ms="0" status="SKIP">
          <reporter-output>
          </reporter-output>
        </test-method> <!-- reportTestResult -->
      </class> <!-- office.sirion.suite.clientAdmin.ContractService -->
    </test> <!-- Client Admin - ContractService -->
    <test started-at="2020-04-20T11:08:06Z" name="Client Admin - ActionType" finished-at="2020-04-20T11:08:06Z" duration-ms="3">
      <class name="office.sirion.suite.clientAdmin.ActionType">
        <test-method is-config="true" signature="checkTestSkip()[pri:0, instance:office.sirion.suite.clientAdmin.ActionType@4ef782af]" started-at="2020-04-20T11:08:06Z" name="checkTestSkip" finished-at="2020-04-20T11:08:06Z" duration-ms="0" status="SKIP">
          <reporter-output>
          </reporter-output>
        </test-method> <!-- checkTestSkip -->
        <test-method is-config="true" signature="reportDataSetResult(org.testng.ITestResult)[pri:0, instance:office.sirion.suite.clientAdmin.ActionType@4ef782af]" started-at="2020-04-20T11:08:06Z" name="reportDataSetResult" finished-at="2020-04-20T11:08:06Z" duration-ms="0" status="SKIP">
          <reporter-output>
          </reporter-output>
        </test-method> <!-- reportDataSetResult -->
        <test-method signature="ActionTypeCreation(java.lang.String, java.lang.String, java.lang.String)[pri:0, instance:office.sirion.suite.clientAdmin.ActionType@4ef782af]" started-at="2020-04-20T11:08:06Z" name="ActionTypeCreation" data-provider="getTestData" finished-at="2020-04-20T11:08:06Z" duration-ms="0" status="SKIP">
          <reporter-output>
          </reporter-output>
        </test-method> <!-- ActionTypeCreation -->
        <test-method signature="ActionTypeCreation(java.lang.String, java.lang.String, java.lang.String)[pri:0, instance:office.sirion.suite.clientAdmin.ActionType@4ef782af]" started-at="2020-04-20T11:08:06Z" name="ActionTypeCreation" data-provider="getTestData" finished-at="2020-04-20T11:08:06Z" duration-ms="0" status="SKIP">
          <reporter-output>
          </reporter-output>
        </test-method> <!-- ActionTypeCreation -->
        <test-method is-config="true" signature="reportTestResult()[pri:0, instance:office.sirion.suite.clientAdmin.ActionType@4ef782af]" started-at="2020-04-20T11:08:06Z" name="reportTestResult" finished-at="2020-04-20T11:08:06Z" duration-ms="0" status="SKIP">
          <reporter-output>
          </reporter-output>
        </test-method> <!-- reportTestResult -->
        <test-method is-config="true" signature="reportDataSetResult(org.testng.ITestResult)[pri:0, instance:office.sirion.suite.clientAdmin.ActionType@4ef782af]" started-at="2020-04-20T11:08:06Z" name="reportDataSetResult" finished-at="2020-04-20T11:08:06Z" duration-ms="0" status="SKIP">
          <reporter-output>
          </reporter-output>
        </test-method> <!-- reportDataSetResult -->
      </class> <!-- office.sirion.suite.clientAdmin.ActionType -->
    </test> <!-- Client Admin - ActionType -->
    <test started-at="2020-04-20T11:08:06Z" name="Client Admin - ContractType" finished-at="2020-04-20T11:08:06Z" duration-ms="2">
      <class name="office.sirion.suite.clientAdmin.ContractType">
        <test-method is-config="true" signature="checkTestSkip()[pri:0, instance:office.sirion.suite.clientAdmin.ContractType@4c012563]" started-at="2020-04-20T11:08:06Z" name="checkTestSkip" finished-at="2020-04-20T11:08:06Z" duration-ms="0" status="SKIP">
          <reporter-output>
          </reporter-output>
        </test-method> <!-- checkTestSkip -->
        <test-method signature="ContractTypeCreation(java.lang.String, java.lang.String, java.lang.String)[pri:0, instance:office.sirion.suite.clientAdmin.ContractType@4c012563]" started-at="2020-04-20T11:08:06Z" name="ContractTypeCreation" data-provider="getTestData" finished-at="2020-04-20T11:08:06Z" duration-ms="0" status="SKIP">
          <reporter-output>
          </reporter-output>
        </test-method> <!-- ContractTypeCreation -->
        <test-method is-config="true" signature="reportTestResult()[pri:0, instance:office.sirion.suite.clientAdmin.ContractType@4c012563]" started-at="2020-04-20T11:08:06Z" name="reportTestResult" finished-at="2020-04-20T11:08:06Z" duration-ms="0" status="SKIP">
          <reporter-output>
          </reporter-output>
        </test-method> <!-- reportTestResult -->
        <test-method is-config="true" signature="reportDataSetResult(org.testng.ITestResult)[pri:0, instance:office.sirion.suite.clientAdmin.ContractType@4c012563]" started-at="2020-04-20T11:08:06Z" name="reportDataSetResult" finished-at="2020-04-20T11:08:06Z" duration-ms="0" status="SKIP">
          <reporter-output>
          </reporter-output>
        </test-method> <!-- reportDataSetResult -->
        <test-method signature="ContractTypeCreation(java.lang.String, java.lang.String, java.lang.String)[pri:0, instance:office.sirion.suite.clientAdmin.ContractType@4c012563]" started-at="2020-04-20T11:08:06Z" name="ContractTypeCreation" data-provider="getTestData" finished-at="2020-04-20T11:08:06Z" duration-ms="0" status="SKIP">
          <reporter-output>
          </reporter-output>
        </test-method> <!-- ContractTypeCreation -->
        <test-method is-config="true" signature="reportDataSetResult(org.testng.ITestResult)[pri:0, instance:office.sirion.suite.clientAdmin.ContractType@4c012563]" started-at="2020-04-20T11:08:06Z" name="reportDataSetResult" finished-at="2020-04-20T11:08:06Z" duration-ms="0" status="SKIP">
          <reporter-output>
          </reporter-output>
        </test-method> <!-- reportDataSetResult -->
      </class> <!-- office.sirion.suite.clientAdmin.ContractType -->
    </test> <!-- Client Admin - ContractType -->
    <test started-at="2020-04-20T11:08:06Z" name="Client Admin - ServiceSubCategory" finished-at="2020-04-20T11:08:06Z" duration-ms="59">
      <class name="office.sirion.suite.clientAdmin.ServiceSubCategory">
        <test-method is-config="true" signature="checkTestSkip()[pri:0, instance:office.sirion.suite.clientAdmin.ServiceSubCategory@4ea5b703]" started-at="2020-04-20T11:08:06Z" name="checkTestSkip" finished-at="2020-04-20T11:08:06Z" duration-ms="0" status="SKIP">
          <reporter-output>
          </reporter-output>
        </test-method> <!-- checkTestSkip -->
        <test-method signature="ServiceSubCategoryCreation(java.lang.String, java.lang.String, java.lang.String, java.lang.String)[pri:0, instance:office.sirion.suite.clientAdmin.ServiceSubCategory@4ea5b703]" started-at="2020-04-20T11:08:06Z" name="ServiceSubCategoryCreation" data-provider="getTestData" finished-at="2020-04-20T11:08:06Z" duration-ms="0" status="SKIP">
          <reporter-output>
          </reporter-output>
        </test-method> <!-- ServiceSubCategoryCreation -->
        <test-method signature="ServiceSubCategoryCreation(java.lang.String, java.lang.String, java.lang.String, java.lang.String)[pri:0, instance:office.sirion.suite.clientAdmin.ServiceSubCategory@4ea5b703]" started-at="2020-04-20T11:08:06Z" name="ServiceSubCategoryCreation" data-provider="getTestData" finished-at="2020-04-20T11:08:06Z" duration-ms="0" status="SKIP">
          <reporter-output>
          </reporter-output>
        </test-method> <!-- ServiceSubCategoryCreation -->
        <test-method is-config="true" signature="reportDataSetResult(org.testng.ITestResult)[pri:0, instance:office.sirion.suite.clientAdmin.ServiceSubCategory@4ea5b703]" started-at="2020-04-20T11:08:06Z" name="reportDataSetResult" finished-at="2020-04-20T11:08:06Z" duration-ms="0" status="SKIP">
          <reporter-output>
          </reporter-output>
        </test-method> <!-- reportDataSetResult -->
        <test-method is-config="true" signature="reportDataSetResult(org.testng.ITestResult)[pri:0, instance:office.sirion.suite.clientAdmin.ServiceSubCategory@4ea5b703]" started-at="2020-04-20T11:08:06Z" name="reportDataSetResult" finished-at="2020-04-20T11:08:06Z" duration-ms="0" status="SKIP">
          <reporter-output>
          </reporter-output>
        </test-method> <!-- reportDataSetResult -->
        <test-method is-config="true" signature="reportTestResult()[pri:0, instance:office.sirion.suite.clientAdmin.ServiceSubCategory@4ea5b703]" started-at="2020-04-20T11:08:06Z" name="reportTestResult" finished-at="2020-04-20T11:08:06Z" duration-ms="0" status="SKIP">
          <reporter-output>
          </reporter-output>
        </test-method> <!-- reportTestResult -->
      </class> <!-- office.sirion.suite.clientAdmin.ServiceSubCategory -->
    </test> <!-- Client Admin - ServiceSubCategory -->
    <test started-at="2020-04-20T11:08:06Z" name="Client Admin - TermType" finished-at="2020-04-20T11:08:06Z" duration-ms="2">
      <class name="office.sirion.suite.clientAdmin.TermType">
        <test-method is-config="true" signature="checkTestSkip()[pri:0, instance:office.sirion.suite.clientAdmin.TermType@1cd629b3]" started-at="2020-04-20T11:08:06Z" name="checkTestSkip" finished-at="2020-04-20T11:08:06Z" duration-ms="0" status="SKIP">
          <reporter-output>
          </reporter-output>
        </test-method> <!-- checkTestSkip -->
        <test-method signature="TermTypeCreation(java.lang.String, java.lang.String, java.lang.String)[pri:0, instance:office.sirion.suite.clientAdmin.TermType@1cd629b3]" started-at="2020-04-20T11:08:06Z" name="TermTypeCreation" data-provider="getTestData" finished-at="2020-04-20T11:08:06Z" duration-ms="0" status="SKIP">
          <reporter-output>
          </reporter-output>
        </test-method> <!-- TermTypeCreation -->
        <test-method is-config="true" signature="reportDataSetResult(org.testng.ITestResult)[pri:0, instance:office.sirion.suite.clientAdmin.TermType@1cd629b3]" started-at="2020-04-20T11:08:06Z" name="reportDataSetResult" finished-at="2020-04-20T11:08:06Z" duration-ms="0" status="SKIP">
          <reporter-output>
          </reporter-output>
        </test-method> <!-- reportDataSetResult -->
        <test-method is-config="true" signature="reportTestResult()[pri:0, instance:office.sirion.suite.clientAdmin.TermType@1cd629b3]" started-at="2020-04-20T11:08:06Z" name="reportTestResult" finished-at="2020-04-20T11:08:06Z" duration-ms="0" status="SKIP">
          <reporter-output>
          </reporter-output>
        </test-method> <!-- reportTestResult -->
        <test-method is-config="true" signature="reportDataSetResult(org.testng.ITestResult)[pri:0, instance:office.sirion.suite.clientAdmin.TermType@1cd629b3]" started-at="2020-04-20T11:08:06Z" name="reportDataSetResult" finished-at="2020-04-20T11:08:06Z" duration-ms="0" status="SKIP">
          <reporter-output>
          </reporter-output>
        </test-method> <!-- reportDataSetResult -->
        <test-method signature="TermTypeCreation(java.lang.String, java.lang.String, java.lang.String)[pri:0, instance:office.sirion.suite.clientAdmin.TermType@1cd629b3]" started-at="2020-04-20T11:08:06Z" name="TermTypeCreation" data-provider="getTestData" finished-at="2020-04-20T11:08:06Z" duration-ms="0" status="SKIP">
          <reporter-output>
          </reporter-output>
        </test-method> <!-- TermTypeCreation -->
      </class> <!-- office.sirion.suite.clientAdmin.TermType -->
    </test> <!-- Client Admin - TermType -->
    <test started-at="2020-04-20T11:08:06Z" name="Client Admin - SLCategory" finished-at="2020-04-20T11:08:06Z" duration-ms="58">
      <class name="office.sirion.suite.clientAdmin.SLCategory">
        <test-method is-config="true" signature="checkTestSkip()[pri:0, instance:office.sirion.suite.clientAdmin.SLCategory@3eb91815]" started-at="2020-04-20T11:08:06Z" name="checkTestSkip" finished-at="2020-04-20T11:08:06Z" duration-ms="0" status="SKIP">
          <reporter-output>
          </reporter-output>
        </test-method> <!-- checkTestSkip -->
        <test-method signature="SLCategoryCreation(java.lang.String, java.lang.String, java.lang.String)[pri:0, instance:office.sirion.suite.clientAdmin.SLCategory@3eb91815]" started-at="2020-04-20T11:08:06Z" name="SLCategoryCreation" data-provider="getTestData" finished-at="2020-04-20T11:08:06Z" duration-ms="0" status="SKIP">
          <reporter-output>
          </reporter-output>
        </test-method> <!-- SLCategoryCreation -->
        <test-method signature="SLCategoryCreation(java.lang.String, java.lang.String, java.lang.String)[pri:0, instance:office.sirion.suite.clientAdmin.SLCategory@3eb91815]" started-at="2020-04-20T11:08:06Z" name="SLCategoryCreation" data-provider="getTestData" finished-at="2020-04-20T11:08:06Z" duration-ms="0" status="SKIP">
          <reporter-output>
          </reporter-output>
        </test-method> <!-- SLCategoryCreation -->
        <test-method is-config="true" signature="reportDataSetResult(org.testng.ITestResult)[pri:0, instance:office.sirion.suite.clientAdmin.SLCategory@3eb91815]" started-at="2020-04-20T11:08:06Z" name="reportDataSetResult" finished-at="2020-04-20T11:08:06Z" duration-ms="0" status="SKIP">
          <reporter-output>
          </reporter-output>
        </test-method> <!-- reportDataSetResult -->
        <test-method is-config="true" signature="reportDataSetResult(org.testng.ITestResult)[pri:0, instance:office.sirion.suite.clientAdmin.SLCategory@3eb91815]" started-at="2020-04-20T11:08:06Z" name="reportDataSetResult" finished-at="2020-04-20T11:08:06Z" duration-ms="0" status="SKIP">
          <reporter-output>
          </reporter-output>
        </test-method> <!-- reportDataSetResult -->
        <test-method is-config="true" signature="reportTestResult()[pri:0, instance:office.sirion.suite.clientAdmin.SLCategory@3eb91815]" started-at="2020-04-20T11:08:06Z" name="reportTestResult" finished-at="2020-04-20T11:08:06Z" duration-ms="0" status="SKIP">
          <reporter-output>
          </reporter-output>
        </test-method> <!-- reportTestResult -->
      </class> <!-- office.sirion.suite.clientAdmin.SLCategory -->
    </test> <!-- Client Admin - SLCategory -->
    <test started-at="2020-04-20T11:08:06Z" name="Client Admin - CRType" finished-at="2020-04-20T11:08:06Z" duration-ms="4">
      <class name="office.sirion.suite.clientAdmin.CRType">
        <test-method is-config="true" signature="checkTestSkip()[pri:0, instance:office.sirion.suite.clientAdmin.CRType@266374ef]" started-at="2020-04-20T11:08:06Z" name="checkTestSkip" finished-at="2020-04-20T11:08:06Z" duration-ms="0" status="SKIP">
          <reporter-output>
          </reporter-output>
        </test-method> <!-- checkTestSkip -->
        <test-method signature="CRTypeCreation(java.lang.String, java.lang.String, java.lang.String)[pri:0, instance:office.sirion.suite.clientAdmin.CRType@266374ef]" started-at="2020-04-20T11:08:06Z" name="CRTypeCreation" data-provider="getTestData" finished-at="2020-04-20T11:08:06Z" duration-ms="0" status="SKIP">
          <reporter-output>
          </reporter-output>
        </test-method> <!-- CRTypeCreation -->
        <test-method is-config="true" signature="reportDataSetResult(org.testng.ITestResult)[pri:0, instance:office.sirion.suite.clientAdmin.CRType@266374ef]" started-at="2020-04-20T11:08:06Z" name="reportDataSetResult" finished-at="2020-04-20T11:08:06Z" duration-ms="0" status="SKIP">
          <reporter-output>
          </reporter-output>
        </test-method> <!-- reportDataSetResult -->
        <test-method signature="CRTypeCreation(java.lang.String, java.lang.String, java.lang.String)[pri:0, instance:office.sirion.suite.clientAdmin.CRType@266374ef]" started-at="2020-04-20T11:08:06Z" name="CRTypeCreation" data-provider="getTestData" finished-at="2020-04-20T11:08:06Z" duration-ms="0" status="SKIP">
          <reporter-output>
          </reporter-output>
        </test-method> <!-- CRTypeCreation -->
        <test-method is-config="true" signature="reportDataSetResult(org.testng.ITestResult)[pri:0, instance:office.sirion.suite.clientAdmin.CRType@266374ef]" started-at="2020-04-20T11:08:06Z" name="reportDataSetResult" finished-at="2020-04-20T11:08:06Z" duration-ms="0" status="SKIP">
          <reporter-output>
          </reporter-output>
        </test-method> <!-- reportDataSetResult -->
        <test-method is-config="true" signature="reportTestResult()[pri:0, instance:office.sirion.suite.clientAdmin.CRType@266374ef]" started-at="2020-04-20T11:08:06Z" name="reportTestResult" finished-at="2020-04-20T11:08:06Z" duration-ms="0" status="SKIP">
          <reporter-output>
          </reporter-output>
        </test-method> <!-- reportTestResult -->
      </class> <!-- office.sirion.suite.clientAdmin.CRType -->
    </test> <!-- Client Admin - CRType -->
    <test started-at="2020-04-20T11:08:06Z" name="Client Admin - OBPhase" finished-at="2020-04-20T11:08:06Z" duration-ms="58">
      <class name="office.sirion.suite.clientAdmin.OBPhase">
        <test-method is-config="true" signature="checkTestSkip()[pri:0, instance:office.sirion.suite.clientAdmin.OBPhase@928763c]" started-at="2020-04-20T11:08:06Z" name="checkTestSkip" finished-at="2020-04-20T11:08:06Z" duration-ms="0" status="SKIP">
          <reporter-output>
          </reporter-output>
        </test-method> <!-- checkTestSkip -->
        <test-method signature="OBPhaseCreation(java.lang.String, java.lang.String, java.lang.String)[pri:0, instance:office.sirion.suite.clientAdmin.OBPhase@928763c]" started-at="2020-04-20T11:08:06Z" name="OBPhaseCreation" data-provider="getTestData" finished-at="2020-04-20T11:08:06Z" duration-ms="0" status="SKIP">
          <reporter-output>
          </reporter-output>
        </test-method> <!-- OBPhaseCreation -->
        <test-method is-config="true" signature="reportDataSetResult(org.testng.ITestResult)[pri:0, instance:office.sirion.suite.clientAdmin.OBPhase@928763c]" started-at="2020-04-20T11:08:06Z" name="reportDataSetResult" finished-at="2020-04-20T11:08:06Z" duration-ms="0" status="SKIP">
          <reporter-output>
          </reporter-output>
        </test-method> <!-- reportDataSetResult -->
        <test-method is-config="true" signature="reportDataSetResult(org.testng.ITestResult)[pri:0, instance:office.sirion.suite.clientAdmin.OBPhase@928763c]" started-at="2020-04-20T11:08:06Z" name="reportDataSetResult" finished-at="2020-04-20T11:08:06Z" duration-ms="0" status="SKIP">
          <reporter-output>
          </reporter-output>
        </test-method> <!-- reportDataSetResult -->
        <test-method signature="OBPhaseCreation(java.lang.String, java.lang.String, java.lang.String)[pri:0, instance:office.sirion.suite.clientAdmin.OBPhase@928763c]" started-at="2020-04-20T11:08:06Z" name="OBPhaseCreation" data-provider="getTestData" finished-at="2020-04-20T11:08:06Z" duration-ms="0" status="SKIP">
          <reporter-output>
          </reporter-output>
        </test-method> <!-- OBPhaseCreation -->
        <test-method is-config="true" signature="reportTestResult()[pri:0, instance:office.sirion.suite.clientAdmin.OBPhase@928763c]" started-at="2020-04-20T11:08:06Z" name="reportTestResult" finished-at="2020-04-20T11:08:06Z" duration-ms="0" status="SKIP">
          <reporter-output>
          </reporter-output>
        </test-method> <!-- reportTestResult -->
      </class> <!-- office.sirion.suite.clientAdmin.OBPhase -->
    </test> <!-- Client Admin - OBPhase -->
    <test started-at="2020-04-20T11:08:06Z" name="Client Admin - GovernanceBodyType" finished-at="2020-04-20T11:08:06Z" duration-ms="7">
      <class name="office.sirion.suite.clientAdmin.GovernanceBodyType">
        <test-method is-config="true" signature="checkTestSkip()[pri:0, instance:office.sirion.suite.clientAdmin.GovernanceBodyType@27e47833]" started-at="2020-04-20T11:08:06Z" name="checkTestSkip" finished-at="2020-04-20T11:08:06Z" duration-ms="0" status="SKIP">
          <reporter-output>
          </reporter-output>
        </test-method> <!-- checkTestSkip -->
        <test-method signature="GovernanceBodyTypeCreation(java.lang.String, java.lang.String, java.lang.String)[pri:0, instance:office.sirion.suite.clientAdmin.GovernanceBodyType@27e47833]" started-at="2020-04-20T11:08:06Z" name="GovernanceBodyTypeCreation" data-provider="getTestData" finished-at="2020-04-20T11:08:06Z" duration-ms="0" status="SKIP">
          <reporter-output>
          </reporter-output>
        </test-method> <!-- GovernanceBodyTypeCreation -->
        <test-method signature="GovernanceBodyTypeCreation(java.lang.String, java.lang.String, java.lang.String)[pri:0, instance:office.sirion.suite.clientAdmin.GovernanceBodyType@27e47833]" started-at="2020-04-20T11:08:06Z" name="GovernanceBodyTypeCreation" data-provider="getTestData" finished-at="2020-04-20T11:08:06Z" duration-ms="0" status="SKIP">
          <reporter-output>
          </reporter-output>
        </test-method> <!-- GovernanceBodyTypeCreation -->
        <test-method is-config="true" signature="reportDataSetResult(org.testng.ITestResult)[pri:0, instance:office.sirion.suite.clientAdmin.GovernanceBodyType@27e47833]" started-at="2020-04-20T11:08:06Z" name="reportDataSetResult" finished-at="2020-04-20T11:08:06Z" duration-ms="0" status="SKIP">
          <reporter-output>
          </reporter-output>
        </test-method> <!-- reportDataSetResult -->
        <test-method is-config="true" signature="reportDataSetResult(org.testng.ITestResult)[pri:0, instance:office.sirion.suite.clientAdmin.GovernanceBodyType@27e47833]" started-at="2020-04-20T11:08:06Z" name="reportDataSetResult" finished-at="2020-04-20T11:08:06Z" duration-ms="0" status="SKIP">
          <reporter-output>
          </reporter-output>
        </test-method> <!-- reportDataSetResult -->
        <test-method is-config="true" signature="reportTestResult()[pri:0, instance:office.sirion.suite.clientAdmin.GovernanceBodyType@27e47833]" started-at="2020-04-20T11:08:06Z" name="reportTestResult" finished-at="2020-04-20T11:08:06Z" duration-ms="0" status="SKIP">
          <reporter-output>
          </reporter-output>
        </test-method> <!-- reportTestResult -->
      </class> <!-- office.sirion.suite.clientAdmin.GovernanceBodyType -->
    </test> <!-- Client Admin - GovernanceBodyType -->
    <test started-at="2020-04-20T11:08:06Z" name="Client Admin - UnitType" finished-at="2020-04-20T11:08:06Z" duration-ms="2">
      <class name="office.sirion.suite.clientAdmin.UnitType">
        <test-method is-config="true" signature="checkTestSkip()[pri:0, instance:office.sirion.suite.clientAdmin.UnitType@379614be]" started-at="2020-04-20T11:08:06Z" name="checkTestSkip" finished-at="2020-04-20T11:08:06Z" duration-ms="0" status="SKIP">
          <reporter-output>
          </reporter-output>
        </test-method> <!-- checkTestSkip -->
        <test-method is-config="true" signature="reportDataSetResult(org.testng.ITestResult)[pri:0, instance:office.sirion.suite.clientAdmin.UnitType@379614be]" started-at="2020-04-20T11:08:06Z" name="reportDataSetResult" finished-at="2020-04-20T11:08:06Z" duration-ms="0" status="SKIP">
          <reporter-output>
          </reporter-output>
        </test-method> <!-- reportDataSetResult -->
        <test-method is-config="true" signature="reportDataSetResult(org.testng.ITestResult)[pri:0, instance:office.sirion.suite.clientAdmin.UnitType@379614be]" started-at="2020-04-20T11:08:06Z" name="reportDataSetResult" finished-at="2020-04-20T11:08:06Z" duration-ms="0" status="SKIP">
          <reporter-output>
          </reporter-output>
        </test-method> <!-- reportDataSetResult -->
        <test-method signature="UnitTypeCreation(java.lang.String, java.lang.String, java.lang.String)[pri:0, instance:office.sirion.suite.clientAdmin.UnitType@379614be]" started-at="2020-04-20T11:08:06Z" name="UnitTypeCreation" data-provider="getTestData" finished-at="2020-04-20T11:08:06Z" duration-ms="0" status="SKIP">
          <reporter-output>
          </reporter-output>
        </test-method> <!-- UnitTypeCreation -->
        <test-method signature="UnitTypeCreation(java.lang.String, java.lang.String, java.lang.String)[pri:0, instance:office.sirion.suite.clientAdmin.UnitType@379614be]" started-at="2020-04-20T11:08:06Z" name="UnitTypeCreation" data-provider="getTestData" finished-at="2020-04-20T11:08:06Z" duration-ms="0" status="SKIP">
          <reporter-output>
          </reporter-output>
        </test-method> <!-- UnitTypeCreation -->
        <test-method is-config="true" signature="reportTestResult()[pri:0, instance:office.sirion.suite.clientAdmin.UnitType@379614be]" started-at="2020-04-20T11:08:06Z" name="reportTestResult" finished-at="2020-04-20T11:08:06Z" duration-ms="0" status="SKIP">
          <reporter-output>
          </reporter-output>
        </test-method> <!-- reportTestResult -->
      </class> <!-- office.sirion.suite.clientAdmin.UnitType -->
    </test> <!-- Client Admin - UnitType -->
    <test started-at="2020-04-20T11:08:06Z" name="Client Admin - ClauseCategory" finished-at="2020-04-20T11:08:06Z" duration-ms="2">
      <class name="office.sirion.suite.clientAdmin.ClauseCategory">
        <test-method is-config="true" signature="checkTestSkip()[pri:0, instance:office.sirion.suite.clientAdmin.ClauseCategory@4b34fff9]" started-at="2020-04-20T11:08:06Z" name="checkTestSkip" finished-at="2020-04-20T11:08:06Z" duration-ms="0" status="SKIP">
          <reporter-output>
          </reporter-output>
        </test-method> <!-- checkTestSkip -->
        <test-method signature="ClauseCategoryCreation(java.lang.String, java.lang.String, java.lang.String)[pri:0, instance:office.sirion.suite.clientAdmin.ClauseCategory@4b34fff9]" started-at="2020-04-20T11:08:06Z" name="ClauseCategoryCreation" data-provider="getTestData" finished-at="2020-04-20T11:08:06Z" duration-ms="0" status="SKIP">
          <reporter-output>
          </reporter-output>
        </test-method> <!-- ClauseCategoryCreation -->
        <test-method is-config="true" signature="reportDataSetResult(org.testng.ITestResult)[pri:0, instance:office.sirion.suite.clientAdmin.ClauseCategory@4b34fff9]" started-at="2020-04-20T11:08:06Z" name="reportDataSetResult" finished-at="2020-04-20T11:08:06Z" duration-ms="0" status="SKIP">
          <reporter-output>
          </reporter-output>
        </test-method> <!-- reportDataSetResult -->
        <test-method is-config="true" signature="reportDataSetResult(org.testng.ITestResult)[pri:0, instance:office.sirion.suite.clientAdmin.ClauseCategory@4b34fff9]" started-at="2020-04-20T11:08:06Z" name="reportDataSetResult" finished-at="2020-04-20T11:08:06Z" duration-ms="0" status="SKIP">
          <reporter-output>
          </reporter-output>
        </test-method> <!-- reportDataSetResult -->
        <test-method signature="ClauseCategoryCreation(java.lang.String, java.lang.String, java.lang.String)[pri:0, instance:office.sirion.suite.clientAdmin.ClauseCategory@4b34fff9]" started-at="2020-04-20T11:08:06Z" name="ClauseCategoryCreation" data-provider="getTestData" finished-at="2020-04-20T11:08:06Z" duration-ms="0" status="SKIP">
          <reporter-output>
          </reporter-output>
        </test-method> <!-- ClauseCategoryCreation -->
        <test-method is-config="true" signature="reportTestResult()[pri:0, instance:office.sirion.suite.clientAdmin.ClauseCategory@4b34fff9]" started-at="2020-04-20T11:08:06Z" name="reportTestResult" finished-at="2020-04-20T11:08:06Z" duration-ms="0" status="SKIP">
          <reporter-output>
          </reporter-output>
        </test-method> <!-- reportTestResult -->
      </class> <!-- office.sirion.suite.clientAdmin.ClauseCategory -->
    </test> <!-- Client Admin - ClauseCategory -->
    <test started-at="2020-04-20T11:08:06Z" name="Client Admin - WORType" finished-at="2020-04-20T11:08:06Z" duration-ms="4">
      <class name="office.sirion.suite.clientAdmin.WORType">
        <test-method is-config="true" signature="checkTestSkip()[pri:0, instance:office.sirion.suite.clientAdmin.WORType@1787bc24]" started-at="2020-04-20T11:08:06Z" name="checkTestSkip" finished-at="2020-04-20T11:08:06Z" duration-ms="0" status="SKIP">
          <reporter-output>
          </reporter-output>
        </test-method> <!-- checkTestSkip -->
        <test-method signature="WORTypeCreation(java.lang.String, java.lang.String, java.lang.String)[pri:0, instance:office.sirion.suite.clientAdmin.WORType@1787bc24]" started-at="2020-04-20T11:08:06Z" name="WORTypeCreation" data-provider="getTestData" finished-at="2020-04-20T11:08:06Z" duration-ms="0" status="SKIP">
          <reporter-output>
          </reporter-output>
        </test-method> <!-- WORTypeCreation -->
        <test-method is-config="true" signature="reportDataSetResult(org.testng.ITestResult)[pri:0, instance:office.sirion.suite.clientAdmin.WORType@1787bc24]" started-at="2020-04-20T11:08:06Z" name="reportDataSetResult" finished-at="2020-04-20T11:08:06Z" duration-ms="0" status="SKIP">
          <reporter-output>
          </reporter-output>
        </test-method> <!-- reportDataSetResult -->
        <test-method signature="WORTypeCreation(java.lang.String, java.lang.String, java.lang.String)[pri:0, instance:office.sirion.suite.clientAdmin.WORType@1787bc24]" started-at="2020-04-20T11:08:06Z" name="WORTypeCreation" data-provider="getTestData" finished-at="2020-04-20T11:08:06Z" duration-ms="0" status="SKIP">
          <reporter-output>
          </reporter-output>
        </test-method> <!-- WORTypeCreation -->
        <test-method is-config="true" signature="reportTestResult()[pri:0, instance:office.sirion.suite.clientAdmin.WORType@1787bc24]" started-at="2020-04-20T11:08:06Z" name="reportTestResult" finished-at="2020-04-20T11:08:06Z" duration-ms="0" status="SKIP">
          <reporter-output>
          </reporter-output>
        </test-method> <!-- reportTestResult -->
        <test-method is-config="true" signature="reportDataSetResult(org.testng.ITestResult)[pri:0, instance:office.sirion.suite.clientAdmin.WORType@1787bc24]" started-at="2020-04-20T11:08:06Z" name="reportDataSetResult" finished-at="2020-04-20T11:08:06Z" duration-ms="0" status="SKIP">
          <reporter-output>
          </reporter-output>
        </test-method> <!-- reportDataSetResult -->
      </class> <!-- office.sirion.suite.clientAdmin.WORType -->
    </test> <!-- Client Admin - WORType -->
    <test started-at="2020-04-20T11:08:06Z" name="Client Admin - InterpretationType" finished-at="2020-04-20T11:08:06Z" duration-ms="2">
      <class name="office.sirion.suite.clientAdmin.InterpretationType">
        <test-method is-config="true" signature="checkTestSkip()[pri:0, instance:office.sirion.suite.clientAdmin.InterpretationType@6b58b9e9]" started-at="2020-04-20T11:08:06Z" name="checkTestSkip" finished-at="2020-04-20T11:08:06Z" duration-ms="0" status="SKIP">
          <reporter-output>
          </reporter-output>
        </test-method> <!-- checkTestSkip -->
        <test-method signature="InterpretationTypeCreation(java.lang.String, java.lang.String, java.lang.String)[pri:0, instance:office.sirion.suite.clientAdmin.InterpretationType@6b58b9e9]" started-at="2020-04-20T11:08:06Z" name="InterpretationTypeCreation" data-provider="getTestData" finished-at="2020-04-20T11:08:06Z" duration-ms="0" status="SKIP">
          <reporter-output>
          </reporter-output>
        </test-method> <!-- InterpretationTypeCreation -->
        <test-method signature="InterpretationTypeCreation(java.lang.String, java.lang.String, java.lang.String)[pri:0, instance:office.sirion.suite.clientAdmin.InterpretationType@6b58b9e9]" started-at="2020-04-20T11:08:06Z" name="InterpretationTypeCreation" data-provider="getTestData" finished-at="2020-04-20T11:08:06Z" duration-ms="0" status="SKIP">
          <reporter-output>
          </reporter-output>
        </test-method> <!-- InterpretationTypeCreation -->
        <test-method is-config="true" signature="reportTestResult()[pri:0, instance:office.sirion.suite.clientAdmin.InterpretationType@6b58b9e9]" started-at="2020-04-20T11:08:06Z" name="reportTestResult" finished-at="2020-04-20T11:08:06Z" duration-ms="0" status="SKIP">
          <reporter-output>
          </reporter-output>
        </test-method> <!-- reportTestResult -->
        <test-method is-config="true" signature="reportDataSetResult(org.testng.ITestResult)[pri:0, instance:office.sirion.suite.clientAdmin.InterpretationType@6b58b9e9]" started-at="2020-04-20T11:08:06Z" name="reportDataSetResult" finished-at="2020-04-20T11:08:06Z" duration-ms="0" status="SKIP">
          <reporter-output>
          </reporter-output>
        </test-method> <!-- reportDataSetResult -->
        <test-method is-config="true" signature="reportDataSetResult(org.testng.ITestResult)[pri:0, instance:office.sirion.suite.clientAdmin.InterpretationType@6b58b9e9]" started-at="2020-04-20T11:08:06Z" name="reportDataSetResult" finished-at="2020-04-20T11:08:06Z" duration-ms="0" status="SKIP">
          <reporter-output>
          </reporter-output>
        </test-method> <!-- reportDataSetResult -->
      </class> <!-- office.sirion.suite.clientAdmin.InterpretationType -->
    </test> <!-- Client Admin - InterpretationType -->
    <test started-at="2020-04-20T11:08:06Z" name="Client Admin - AgreementType" finished-at="2020-04-20T11:08:06Z" duration-ms="2">
      <class name="office.sirion.suite.clientAdmin.AgreementType">
        <test-method is-config="true" signature="checkTestSkip()[pri:0, instance:office.sirion.suite.clientAdmin.AgreementType@2b9ed6da]" started-at="2020-04-20T11:08:06Z" name="checkTestSkip" finished-at="2020-04-20T11:08:06Z" duration-ms="0" status="SKIP">
          <reporter-output>
          </reporter-output>
        </test-method> <!-- checkTestSkip -->
        <test-method signature="AgreementTypeCreation(java.lang.String, java.lang.String, java.lang.String)[pri:0, instance:office.sirion.suite.clientAdmin.AgreementType@2b9ed6da]" started-at="2020-04-20T11:08:06Z" name="AgreementTypeCreation" data-provider="getTestData" finished-at="2020-04-20T11:08:06Z" duration-ms="0" status="SKIP">
          <reporter-output>
          </reporter-output>
        </test-method> <!-- AgreementTypeCreation -->
        <test-method is-config="true" signature="reportDataSetResult(org.testng.ITestResult)[pri:0, instance:office.sirion.suite.clientAdmin.AgreementType@2b9ed6da]" started-at="2020-04-20T11:08:06Z" name="reportDataSetResult" finished-at="2020-04-20T11:08:06Z" duration-ms="0" status="SKIP">
          <reporter-output>
          </reporter-output>
        </test-method> <!-- reportDataSetResult -->
        <test-method is-config="true" signature="reportDataSetResult(org.testng.ITestResult)[pri:0, instance:office.sirion.suite.clientAdmin.AgreementType@2b9ed6da]" started-at="2020-04-20T11:08:06Z" name="reportDataSetResult" finished-at="2020-04-20T11:08:06Z" duration-ms="0" status="SKIP">
          <reporter-output>
          </reporter-output>
        </test-method> <!-- reportDataSetResult -->
        <test-method signature="AgreementTypeCreation(java.lang.String, java.lang.String, java.lang.String)[pri:0, instance:office.sirion.suite.clientAdmin.AgreementType@2b9ed6da]" started-at="2020-04-20T11:08:06Z" name="AgreementTypeCreation" data-provider="getTestData" finished-at="2020-04-20T11:08:06Z" duration-ms="0" status="SKIP">
          <reporter-output>
          </reporter-output>
        </test-method> <!-- AgreementTypeCreation -->
        <test-method is-config="true" signature="reportTestResult()[pri:0, instance:office.sirion.suite.clientAdmin.AgreementType@2b9ed6da]" started-at="2020-04-20T11:08:06Z" name="reportTestResult" finished-at="2020-04-20T11:08:06Z" duration-ms="0" status="SKIP">
          <reporter-output>
          </reporter-output>
        </test-method> <!-- reportTestResult -->
      </class> <!-- office.sirion.suite.clientAdmin.AgreementType -->
    </test> <!-- Client Admin - AgreementType -->
    <test started-at="2020-04-20T11:08:06Z" name="Client Admin - CRClass" finished-at="2020-04-20T11:08:06Z" duration-ms="13">
      <class name="office.sirion.suite.clientAdmin.CRClass">
        <test-method is-config="true" signature="checkTestSkip()[pri:0, instance:office.sirion.suite.clientAdmin.CRClass@28b46423]" started-at="2020-04-20T11:08:06Z" name="checkTestSkip" finished-at="2020-04-20T11:08:06Z" duration-ms="0" status="SKIP">
          <reporter-output>
          </reporter-output>
        </test-method> <!-- checkTestSkip -->
        <test-method signature="CRClassCreation(java.lang.String, java.lang.String, java.lang.String)[pri:0, instance:office.sirion.suite.clientAdmin.CRClass@28b46423]" started-at="2020-04-20T11:08:06Z" name="CRClassCreation" data-provider="getTestData" finished-at="2020-04-20T11:08:06Z" duration-ms="0" status="SKIP">
          <reporter-output>
          </reporter-output>
        </test-method> <!-- CRClassCreation -->
        <test-method signature="CRClassCreation(java.lang.String, java.lang.String, java.lang.String)[pri:0, instance:office.sirion.suite.clientAdmin.CRClass@28b46423]" started-at="2020-04-20T11:08:06Z" name="CRClassCreation" data-provider="getTestData" finished-at="2020-04-20T11:08:06Z" duration-ms="0" status="SKIP">
          <reporter-output>
          </reporter-output>
        </test-method> <!-- CRClassCreation -->
        <test-method is-config="true" signature="reportTestResult()[pri:0, instance:office.sirion.suite.clientAdmin.CRClass@28b46423]" started-at="2020-04-20T11:08:06Z" name="reportTestResult" finished-at="2020-04-20T11:08:06Z" duration-ms="0" status="SKIP">
          <reporter-output>
          </reporter-output>
        </test-method> <!-- reportTestResult -->
        <test-method is-config="true" signature="reportDataSetResult(org.testng.ITestResult)[pri:0, instance:office.sirion.suite.clientAdmin.CRClass@28b46423]" started-at="2020-04-20T11:08:06Z" name="reportDataSetResult" finished-at="2020-04-20T11:08:06Z" duration-ms="0" status="SKIP">
          <reporter-output>
          </reporter-output>
        </test-method> <!-- reportDataSetResult -->
        <test-method is-config="true" signature="reportDataSetResult(org.testng.ITestResult)[pri:0, instance:office.sirion.suite.clientAdmin.CRClass@28b46423]" started-at="2020-04-20T11:08:06Z" name="reportDataSetResult" finished-at="2020-04-20T11:08:06Z" duration-ms="0" status="SKIP">
          <reporter-output>
          </reporter-output>
        </test-method> <!-- reportDataSetResult -->
      </class> <!-- office.sirion.suite.clientAdmin.CRClass -->
    </test> <!-- Client Admin - CRClass -->
    <test started-at="2020-04-20T11:08:06Z" name="Client Admin - IssueType" finished-at="2020-04-20T11:08:06Z" duration-ms="24">
      <class name="office.sirion.suite.clientAdmin.IssueType">
        <test-method is-config="true" signature="checkTestSkip()[pri:0, instance:office.sirion.suite.clientAdmin.IssueType@2fba3fc4]" started-at="2020-04-20T11:08:06Z" name="checkTestSkip" finished-at="2020-04-20T11:08:06Z" duration-ms="0" status="SKIP">
          <reporter-output>
          </reporter-output>
        </test-method> <!-- checkTestSkip -->
        <test-method signature="IssueTypeCreation(java.lang.String, java.lang.String, java.lang.String)[pri:0, instance:office.sirion.suite.clientAdmin.IssueType@2fba3fc4]" started-at="2020-04-20T11:08:06Z" name="IssueTypeCreation" data-provider="getTestData" finished-at="2020-04-20T11:08:06Z" duration-ms="0" status="SKIP">
          <reporter-output>
          </reporter-output>
        </test-method> <!-- IssueTypeCreation -->
        <test-method is-config="true" signature="reportDataSetResult(org.testng.ITestResult)[pri:0, instance:office.sirion.suite.clientAdmin.IssueType@2fba3fc4]" started-at="2020-04-20T11:08:06Z" name="reportDataSetResult" finished-at="2020-04-20T11:08:06Z" duration-ms="0" status="SKIP">
          <reporter-output>
          </reporter-output>
        </test-method> <!-- reportDataSetResult -->
        <test-method signature="IssueTypeCreation(java.lang.String, java.lang.String, java.lang.String)[pri:0, instance:office.sirion.suite.clientAdmin.IssueType@2fba3fc4]" started-at="2020-04-20T11:08:06Z" name="IssueTypeCreation" data-provider="getTestData" finished-at="2020-04-20T11:08:06Z" duration-ms="0" status="SKIP">
          <reporter-output>
          </reporter-output>
        </test-method> <!-- IssueTypeCreation -->
        <test-method is-config="true" signature="reportDataSetResult(org.testng.ITestResult)[pri:0, instance:office.sirion.suite.clientAdmin.IssueType@2fba3fc4]" started-at="2020-04-20T11:08:06Z" name="reportDataSetResult" finished-at="2020-04-20T11:08:06Z" duration-ms="0" status="SKIP">
          <reporter-output>
          </reporter-output>
        </test-method> <!-- reportDataSetResult -->
        <test-method is-config="true" signature="reportTestResult()[pri:0, instance:office.sirion.suite.clientAdmin.IssueType@2fba3fc4]" started-at="2020-04-20T11:08:06Z" name="reportTestResult" finished-at="2020-04-20T11:08:06Z" duration-ms="0" status="SKIP">
          <reporter-output>
          </reporter-output>
        </test-method> <!-- reportTestResult -->
      </class> <!-- office.sirion.suite.clientAdmin.IssueType -->
    </test> <!-- Client Admin - IssueType -->
    <test started-at="2020-04-20T11:08:06Z" name="Client Admin - VendorClassification" finished-at="2020-04-20T11:08:06Z" duration-ms="7">
      <class name="office.sirion.suite.clientAdmin.VendorClassification">
        <test-method is-config="true" signature="checkTestSkip()[pri:0, instance:office.sirion.suite.clientAdmin.VendorClassification@1b266842]" started-at="2020-04-20T11:08:06Z" name="checkTestSkip" finished-at="2020-04-20T11:08:06Z" duration-ms="0" status="SKIP">
          <reporter-output>
          </reporter-output>
        </test-method> <!-- checkTestSkip -->
        <test-method signature="VendorClassificationCreation(java.lang.String, java.lang.String, java.lang.String)[pri:0, instance:office.sirion.suite.clientAdmin.VendorClassification@1b266842]" started-at="2020-04-20T11:08:06Z" name="VendorClassificationCreation" data-provider="getTestData" finished-at="2020-04-20T11:08:06Z" duration-ms="0" status="SKIP">
          <reporter-output>
          </reporter-output>
        </test-method> <!-- VendorClassificationCreation -->
        <test-method signature="VendorClassificationCreation(java.lang.String, java.lang.String, java.lang.String)[pri:0, instance:office.sirion.suite.clientAdmin.VendorClassification@1b266842]" started-at="2020-04-20T11:08:06Z" name="VendorClassificationCreation" data-provider="getTestData" finished-at="2020-04-20T11:08:06Z" duration-ms="0" status="SKIP">
          <reporter-output>
          </reporter-output>
        </test-method> <!-- VendorClassificationCreation -->
        <test-method is-config="true" signature="reportDataSetResult(org.testng.ITestResult)[pri:0, instance:office.sirion.suite.clientAdmin.VendorClassification@1b266842]" started-at="2020-04-20T11:08:06Z" name="reportDataSetResult" finished-at="2020-04-20T11:08:06Z" duration-ms="0" status="SKIP">
          <reporter-output>
          </reporter-output>
        </test-method> <!-- reportDataSetResult -->
        <test-method is-config="true" signature="reportDataSetResult(org.testng.ITestResult)[pri:0, instance:office.sirion.suite.clientAdmin.VendorClassification@1b266842]" started-at="2020-04-20T11:08:06Z" name="reportDataSetResult" finished-at="2020-04-20T11:08:06Z" duration-ms="0" status="SKIP">
          <reporter-output>
          </reporter-output>
        </test-method> <!-- reportDataSetResult -->
        <test-method is-config="true" signature="reportTestResult()[pri:0, instance:office.sirion.suite.clientAdmin.VendorClassification@1b266842]" started-at="2020-04-20T11:08:06Z" name="reportTestResult" finished-at="2020-04-20T11:08:06Z" duration-ms="0" status="SKIP">
          <reporter-output>
          </reporter-output>
        </test-method> <!-- reportTestResult -->
      </class> <!-- office.sirion.suite.clientAdmin.VendorClassification -->
    </test> <!-- Client Admin - VendorClassification -->
    <test started-at="2020-04-20T11:08:06Z" name="Client Admin - ClauseType" finished-at="2020-04-20T11:08:06Z" duration-ms="9">
      <class name="office.sirion.suite.clientAdmin.ClauseType">
        <test-method is-config="true" signature="checkTestSkip()[pri:0, instance:office.sirion.suite.clientAdmin.ClauseType@45ac5f9b]" started-at="2020-04-20T11:08:06Z" name="checkTestSkip" finished-at="2020-04-20T11:08:06Z" duration-ms="0" status="SKIP">
          <reporter-output>
          </reporter-output>
        </test-method> <!-- checkTestSkip -->
        <test-method signature="ClauseTypeCreation(java.lang.String, java.lang.String, java.lang.String)[pri:0, instance:office.sirion.suite.clientAdmin.ClauseType@45ac5f9b]" started-at="2020-04-20T11:08:06Z" name="ClauseTypeCreation" data-provider="getTestData" finished-at="2020-04-20T11:08:06Z" duration-ms="0" status="SKIP">
          <reporter-output>
          </reporter-output>
        </test-method> <!-- ClauseTypeCreation -->
        <test-method signature="ClauseTypeCreation(java.lang.String, java.lang.String, java.lang.String)[pri:0, instance:office.sirion.suite.clientAdmin.ClauseType@45ac5f9b]" started-at="2020-04-20T11:08:06Z" name="ClauseTypeCreation" data-provider="getTestData" finished-at="2020-04-20T11:08:06Z" duration-ms="0" status="SKIP">
          <reporter-output>
          </reporter-output>
        </test-method> <!-- ClauseTypeCreation -->
        <test-method is-config="true" signature="reportDataSetResult(org.testng.ITestResult)[pri:0, instance:office.sirion.suite.clientAdmin.ClauseType@45ac5f9b]" started-at="2020-04-20T11:08:06Z" name="reportDataSetResult" finished-at="2020-04-20T11:08:06Z" duration-ms="0" status="SKIP">
          <reporter-output>
          </reporter-output>
        </test-method> <!-- reportDataSetResult -->
        <test-method is-config="true" signature="reportDataSetResult(org.testng.ITestResult)[pri:0, instance:office.sirion.suite.clientAdmin.ClauseType@45ac5f9b]" started-at="2020-04-20T11:08:06Z" name="reportDataSetResult" finished-at="2020-04-20T11:08:06Z" duration-ms="0" status="SKIP">
          <reporter-output>
          </reporter-output>
        </test-method> <!-- reportDataSetResult -->
        <test-method is-config="true" signature="reportTestResult()[pri:0, instance:office.sirion.suite.clientAdmin.ClauseType@45ac5f9b]" started-at="2020-04-20T11:08:06Z" name="reportTestResult" finished-at="2020-04-20T11:08:06Z" duration-ms="0" status="SKIP">
          <reporter-output>
          </reporter-output>
        </test-method> <!-- reportTestResult -->
      </class> <!-- office.sirion.suite.clientAdmin.ClauseType -->
    </test> <!-- Client Admin - ClauseType -->
    <test started-at="2020-04-20T11:08:06Z" name="Client Admin - CompanyPosition" finished-at="2020-04-20T11:08:06Z" duration-ms="7">
      <class name="office.sirion.suite.clientAdmin.CompanyPosition">
        <test-method is-config="true" signature="checkTestSkip()[pri:0, instance:office.sirion.suite.clientAdmin.CompanyPosition@4167d97b]" started-at="2020-04-20T11:08:06Z" name="checkTestSkip" finished-at="2020-04-20T11:08:06Z" duration-ms="0" status="SKIP">
          <reporter-output>
          </reporter-output>
        </test-method> <!-- checkTestSkip -->
        <test-method signature="CompanyPositionCreation(java.lang.String, java.lang.String, java.lang.String)[pri:0, instance:office.sirion.suite.clientAdmin.CompanyPosition@4167d97b]" started-at="2020-04-20T11:08:06Z" name="CompanyPositionCreation" data-provider="getTestData" finished-at="2020-04-20T11:08:06Z" duration-ms="0" status="SKIP">
          <reporter-output>
          </reporter-output>
        </test-method> <!-- CompanyPositionCreation -->
        <test-method is-config="true" signature="reportDataSetResult(org.testng.ITestResult)[pri:0, instance:office.sirion.suite.clientAdmin.CompanyPosition@4167d97b]" started-at="2020-04-20T11:08:06Z" name="reportDataSetResult" finished-at="2020-04-20T11:08:06Z" duration-ms="0" status="SKIP">
          <reporter-output>
          </reporter-output>
        </test-method> <!-- reportDataSetResult -->
        <test-method is-config="true" signature="reportTestResult()[pri:0, instance:office.sirion.suite.clientAdmin.CompanyPosition@4167d97b]" started-at="2020-04-20T11:08:06Z" name="reportTestResult" finished-at="2020-04-20T11:08:06Z" duration-ms="0" status="SKIP">
          <reporter-output>
          </reporter-output>
        </test-method> <!-- reportTestResult -->
        <test-method signature="CompanyPositionCreation(java.lang.String, java.lang.String, java.lang.String)[pri:0, instance:office.sirion.suite.clientAdmin.CompanyPosition@4167d97b]" started-at="2020-04-20T11:08:06Z" name="CompanyPositionCreation" data-provider="getTestData" finished-at="2020-04-20T11:08:06Z" duration-ms="0" status="SKIP">
          <reporter-output>
          </reporter-output>
        </test-method> <!-- CompanyPositionCreation -->
        <test-method is-config="true" signature="reportDataSetResult(org.testng.ITestResult)[pri:0, instance:office.sirion.suite.clientAdmin.CompanyPosition@4167d97b]" started-at="2020-04-20T11:08:06Z" name="reportDataSetResult" finished-at="2020-04-20T11:08:06Z" duration-ms="0" status="SKIP">
          <reporter-output>
          </reporter-output>
        </test-method> <!-- reportDataSetResult -->
      </class> <!-- office.sirion.suite.clientAdmin.CompanyPosition -->
    </test> <!-- Client Admin - CompanyPosition -->
    <test started-at="2020-04-20T11:08:06Z" name="Client Admin - IndustryType" finished-at="2020-04-20T11:08:06Z" duration-ms="4">
      <class name="office.sirion.suite.clientAdmin.IndustryType">
        <test-method is-config="true" signature="checkTestSkip()[pri:0, instance:office.sirion.suite.clientAdmin.IndustryType@398dada8]" started-at="2020-04-20T11:08:06Z" name="checkTestSkip" finished-at="2020-04-20T11:08:06Z" duration-ms="0" status="SKIP">
          <reporter-output>
          </reporter-output>
        </test-method> <!-- checkTestSkip -->
        <test-method is-config="true" signature="reportDataSetResult(org.testng.ITestResult)[pri:0, instance:office.sirion.suite.clientAdmin.IndustryType@398dada8]" started-at="2020-04-20T11:08:06Z" name="reportDataSetResult" finished-at="2020-04-20T11:08:06Z" duration-ms="0" status="SKIP">
          <reporter-output>
          </reporter-output>
        </test-method> <!-- reportDataSetResult -->
        <test-method signature="IndustryTypeCreation(java.lang.String, java.lang.String, java.lang.String)[pri:0, instance:office.sirion.suite.clientAdmin.IndustryType@398dada8]" started-at="2020-04-20T11:08:06Z" name="IndustryTypeCreation" data-provider="getTestData" finished-at="2020-04-20T11:08:06Z" duration-ms="0" status="SKIP">
          <reporter-output>
          </reporter-output>
        </test-method> <!-- IndustryTypeCreation -->
        <test-method signature="IndustryTypeCreation(java.lang.String, java.lang.String, java.lang.String)[pri:0, instance:office.sirion.suite.clientAdmin.IndustryType@398dada8]" started-at="2020-04-20T11:08:06Z" name="IndustryTypeCreation" data-provider="getTestData" finished-at="2020-04-20T11:08:06Z" duration-ms="0" status="SKIP">
          <reporter-output>
          </reporter-output>
        </test-method> <!-- IndustryTypeCreation -->
        <test-method is-config="true" signature="reportDataSetResult(org.testng.ITestResult)[pri:0, instance:office.sirion.suite.clientAdmin.IndustryType@398dada8]" started-at="2020-04-20T11:08:06Z" name="reportDataSetResult" finished-at="2020-04-20T11:08:06Z" duration-ms="0" status="SKIP">
          <reporter-output>
          </reporter-output>
        </test-method> <!-- reportDataSetResult -->
        <test-method is-config="true" signature="reportTestResult()[pri:0, instance:office.sirion.suite.clientAdmin.IndustryType@398dada8]" started-at="2020-04-20T11:08:06Z" name="reportTestResult" finished-at="2020-04-20T11:08:06Z" duration-ms="0" status="SKIP">
          <reporter-output>
          </reporter-output>
        </test-method> <!-- reportTestResult -->
      </class> <!-- office.sirion.suite.clientAdmin.IndustryType -->
    </test> <!-- Client Admin - IndustryType -->
    <test started-at="2020-04-20T11:08:06Z" name="Client Admin - BusinessUnit" finished-at="2020-04-20T11:08:06Z" duration-ms="3">
      <class name="office.sirion.suite.clientAdmin.BusinessUnit">
        <test-method is-config="true" signature="checkTestSkip()[pri:0, instance:office.sirion.suite.clientAdmin.BusinessUnit@1ae8bcbc]" started-at="2020-04-20T11:08:06Z" name="checkTestSkip" finished-at="2020-04-20T11:08:06Z" duration-ms="0" status="SKIP">
          <reporter-output>
          </reporter-output>
        </test-method> <!-- checkTestSkip -->
        <test-method is-config="true" signature="reportDataSetResult(org.testng.ITestResult)[pri:0, instance:office.sirion.suite.clientAdmin.BusinessUnit@1ae8bcbc]" started-at="2020-04-20T11:08:06Z" name="reportDataSetResult" finished-at="2020-04-20T11:08:06Z" duration-ms="0" status="SKIP">
          <reporter-output>
          </reporter-output>
        </test-method> <!-- reportDataSetResult -->
        <test-method signature="BusinessUnitCreation(java.lang.String, java.lang.String, java.lang.String)[pri:0, instance:office.sirion.suite.clientAdmin.BusinessUnit@1ae8bcbc]" started-at="2020-04-20T11:08:06Z" name="BusinessUnitCreation" data-provider="getTestData" finished-at="2020-04-20T11:08:06Z" duration-ms="0" status="SKIP">
          <reporter-output>
          </reporter-output>
        </test-method> <!-- BusinessUnitCreation -->
        <test-method signature="BusinessUnitCreation(java.lang.String, java.lang.String, java.lang.String)[pri:0, instance:office.sirion.suite.clientAdmin.BusinessUnit@1ae8bcbc]" started-at="2020-04-20T11:08:06Z" name="BusinessUnitCreation" data-provider="getTestData" finished-at="2020-04-20T11:08:06Z" duration-ms="0" status="SKIP">
          <reporter-output>
          </reporter-output>
        </test-method> <!-- BusinessUnitCreation -->
        <test-method is-config="true" signature="reportDataSetResult(org.testng.ITestResult)[pri:0, instance:office.sirion.suite.clientAdmin.BusinessUnit@1ae8bcbc]" started-at="2020-04-20T11:08:06Z" name="reportDataSetResult" finished-at="2020-04-20T11:08:06Z" duration-ms="0" status="SKIP">
          <reporter-output>
          </reporter-output>
        </test-method> <!-- reportDataSetResult -->
        <test-method is-config="true" signature="reportTestResult()[pri:0, instance:office.sirion.suite.clientAdmin.BusinessUnit@1ae8bcbc]" started-at="2020-04-20T11:08:06Z" name="reportTestResult" finished-at="2020-04-20T11:08:06Z" duration-ms="0" status="SKIP">
          <reporter-output>
          </reporter-output>
        </test-method> <!-- reportTestResult -->
      </class> <!-- office.sirion.suite.clientAdmin.BusinessUnit -->
    </test> <!-- Client Admin - BusinessUnit -->
    <test started-at="2020-04-20T11:08:06Z" name="Client Admin - PaperType" finished-at="2020-04-20T11:08:06Z" duration-ms="17">
      <class name="office.sirion.suite.clientAdmin.PaperType">
        <test-method is-config="true" signature="checkTestSkip()[pri:0, instance:office.sirion.suite.clientAdmin.PaperType@27adc16e]" started-at="2020-04-20T11:08:06Z" name="checkTestSkip" finished-at="2020-04-20T11:08:06Z" duration-ms="0" status="SKIP">
          <reporter-output>
          </reporter-output>
        </test-method> <!-- checkTestSkip -->
        <test-method is-config="true" signature="reportDataSetResult(org.testng.ITestResult)[pri:0, instance:office.sirion.suite.clientAdmin.PaperType@27adc16e]" started-at="2020-04-20T11:08:06Z" name="reportDataSetResult" finished-at="2020-04-20T11:08:06Z" duration-ms="0" status="SKIP">
          <reporter-output>
          </reporter-output>
        </test-method> <!-- reportDataSetResult -->
        <test-method is-config="true" signature="reportDataSetResult(org.testng.ITestResult)[pri:0, instance:office.sirion.suite.clientAdmin.PaperType@27adc16e]" started-at="2020-04-20T11:08:06Z" name="reportDataSetResult" finished-at="2020-04-20T11:08:06Z" duration-ms="0" status="SKIP">
          <reporter-output>
          </reporter-output>
        </test-method> <!-- reportDataSetResult -->
        <test-method signature="PaperTypeCreation(java.lang.String, java.lang.String, java.lang.String)[pri:0, instance:office.sirion.suite.clientAdmin.PaperType@27adc16e]" started-at="2020-04-20T11:08:06Z" name="PaperTypeCreation" data-provider="getTestData" finished-at="2020-04-20T11:08:06Z" duration-ms="0" status="SKIP">
          <reporter-output>
          </reporter-output>
        </test-method> <!-- PaperTypeCreation -->
        <test-method signature="PaperTypeCreation(java.lang.String, java.lang.String, java.lang.String)[pri:0, instance:office.sirion.suite.clientAdmin.PaperType@27adc16e]" started-at="2020-04-20T11:08:06Z" name="PaperTypeCreation" data-provider="getTestData" finished-at="2020-04-20T11:08:06Z" duration-ms="0" status="SKIP">
          <reporter-output>
          </reporter-output>
        </test-method> <!-- PaperTypeCreation -->
        <test-method is-config="true" signature="reportTestResult()[pri:0, instance:office.sirion.suite.clientAdmin.PaperType@27adc16e]" started-at="2020-04-20T11:08:06Z" name="reportTestResult" finished-at="2020-04-20T11:08:06Z" duration-ms="0" status="SKIP">
          <reporter-output>
          </reporter-output>
        </test-method> <!-- reportTestResult -->
      </class> <!-- office.sirion.suite.clientAdmin.PaperType -->
    </test> <!-- Client Admin - PaperType -->
    <test started-at="2020-04-20T11:08:06Z" name="Client Admin - RiskType" finished-at="2020-04-20T11:08:06Z" duration-ms="2">
      <class name="office.sirion.suite.clientAdmin.RiskType">
        <test-method is-config="true" signature="checkTestSkip()[pri:0, instance:office.sirion.suite.clientAdmin.RiskType@1ef6d34c]" started-at="2020-04-20T11:08:06Z" name="checkTestSkip" finished-at="2020-04-20T11:08:06Z" duration-ms="0" status="SKIP">
          <reporter-output>
          </reporter-output>
        </test-method> <!-- checkTestSkip -->
        <test-method signature="RiskTypeCreation(java.lang.String, java.lang.String, java.lang.String)[pri:0, instance:office.sirion.suite.clientAdmin.RiskType@1ef6d34c]" started-at="2020-04-20T11:08:06Z" name="RiskTypeCreation" data-provider="getTestData" finished-at="2020-04-20T11:08:06Z" duration-ms="0" status="SKIP">
          <reporter-output>
          </reporter-output>
        </test-method> <!-- RiskTypeCreation -->
        <test-method is-config="true" signature="reportDataSetResult(org.testng.ITestResult)[pri:0, instance:office.sirion.suite.clientAdmin.RiskType@1ef6d34c]" started-at="2020-04-20T11:08:06Z" name="reportDataSetResult" finished-at="2020-04-20T11:08:06Z" duration-ms="0" status="SKIP">
          <reporter-output>
          </reporter-output>
        </test-method> <!-- reportDataSetResult -->
        <test-method is-config="true" signature="reportDataSetResult(org.testng.ITestResult)[pri:0, instance:office.sirion.suite.clientAdmin.RiskType@1ef6d34c]" started-at="2020-04-20T11:08:06Z" name="reportDataSetResult" finished-at="2020-04-20T11:08:06Z" duration-ms="0" status="SKIP">
          <reporter-output>
          </reporter-output>
        </test-method> <!-- reportDataSetResult -->
        <test-method is-config="true" signature="reportTestResult()[pri:0, instance:office.sirion.suite.clientAdmin.RiskType@1ef6d34c]" started-at="2020-04-20T11:08:06Z" name="reportTestResult" finished-at="2020-04-20T11:08:06Z" duration-ms="0" status="SKIP">
          <reporter-output>
          </reporter-output>
        </test-method> <!-- reportTestResult -->
        <test-method signature="RiskTypeCreation(java.lang.String, java.lang.String, java.lang.String)[pri:0, instance:office.sirion.suite.clientAdmin.RiskType@1ef6d34c]" started-at="2020-04-20T11:08:06Z" name="RiskTypeCreation" data-provider="getTestData" finished-at="2020-04-20T11:08:06Z" duration-ms="0" status="SKIP">
          <reporter-output>
          </reporter-output>
        </test-method> <!-- RiskTypeCreation -->
      </class> <!-- office.sirion.suite.clientAdmin.RiskType -->
    </test> <!-- Client Admin - RiskType -->
    <test started-at="2020-04-20T11:08:06Z" name="Client Admin - BusinessLine" finished-at="2020-04-20T11:08:06Z" duration-ms="2">
[...]
          <reporter-output>
          </reporter-output>
        </test-method> <!-- reportDataSetResult -->
        <test-method signature="NotificationAlertCreation(java.lang.String, java.lang.String, java.lang.String, java.lang.String, java.lang.String, java.lang.String, java.lang.String, java.lang.String, java.lang.String, java.lang.String, java.lang.String, java.lang.String, java.lang.String, java.lang.String, java.lang.String, java.lang.String, java.lang.String, java.lang.String, java.lang.String, java.lang.String, java.lang.String, java.lang.String, java.lang.String, java.lang.String, java.lang.String, java.lang.String, java.lang.String, java.lang.String, java.lang.String, java.lang.String, java.lang.String, java.lang.String, java.lang.String, java.lang.String, java.lang.String, java.lang.String, java.lang.String, java.lang.String, java.lang.String, java.lang.String, java.lang.String, java.lang.String, java.lang.String, java.lang.String, java.lang.String, java.lang.String, java.lang.String, java.lang.String, java.lang.String, java.lang.String, java.lang.String, java.lang.String, java.lang.String, java.lang.String, java.lang.String, java.lang.String, java.lang.String, java.lang.String, java.lang.String, java.lang.String)[pri:0, instance:office.sirion.suite.clientAdmin.NotificationAlert@3c9c0d96]" started-at="2020-04-20T11:08:07Z" name="NotificationAlertCreation" data-provider="getTestData" finished-at="2020-04-20T11:08:07Z" duration-ms="0" status="SKIP">
          <reporter-output>
          </reporter-output>
        </test-method> <!-- NotificationAlertCreation -->
        <test-method is-config="true" signature="reportDataSetResult(org.testng.ITestResult)[pri:0, instance:office.sirion.suite.clientAdmin.NotificationAlert@3c9c0d96]" started-at="2020-04-20T11:08:07Z" name="reportDataSetResult" finished-at="2020-04-20T11:08:07Z" duration-ms="0" status="SKIP">
          <reporter-output>
          </reporter-output>
        </test-method> <!-- reportDataSetResult -->
        <test-method is-config="true" signature="reportTestResult()[pri:0, instance:office.sirion.suite.clientAdmin.NotificationAlert@3c9c0d96]" started-at="2020-04-20T11:08:07Z" name="reportTestResult" finished-at="2020-04-20T11:08:07Z" duration-ms="0" status="SKIP">
          <reporter-output>
          </reporter-output>
        </test-method> <!-- reportTestResult -->
      </class> <!-- office.sirion.suite.clientAdmin.NotificationAlert -->
    </test> <!-- Client Admin - Notification Alert -->
    <test started-at="2020-04-20T11:08:07Z" name="Client Admin - Update IndustryType" finished-at="2020-04-20T11:08:07Z" duration-ms="1">
      <class name="office.sirion.suite.clientAdmin.UpdateIndustryType">
        <test-method signature="UpdateIndustryTypeTest(java.lang.String, java.lang.String, java.lang.String)[pri:0, instance:office.sirion.suite.clientAdmin.UpdateIndustryType@d62fe5b]" started-at="2020-04-20T11:08:07Z" name="UpdateIndustryTypeTest" data-provider="getTestData" finished-at="2020-04-20T11:08:07Z" duration-ms="1" status="FAIL">
          <exception class="org.testng.internal.reflect.MethodMatcherException">
            <message>
              <![CDATA[
Data provider mismatch
Method: UpdateIndustryTypeTest([Parameter{index=0, type=java.lang.String, declaredAnnotations=[]}, Parameter{index=1, type=java.lang.String, declaredAnnotations=[]}, Parameter{index=2, type=java.lang.String, declaredAnnotations=[]}])
Arguments: []]]>
            </message>
            <full-stacktrace>
              <![CDATA[org.testng.internal.reflect.MethodMatcherException: 
Data provider mismatch
Method: UpdateIndustryTypeTest([Parameter{index=0, type=java.lang.String, declaredAnnotations=[]}, Parameter{index=1, type=java.lang.String, declaredAnnotations=[]}, Parameter{index=2, type=java.lang.String, declaredAnnotations=[]}])
Arguments: []
at org.testng.internal.reflect.DataProviderMethodMatcher.getConformingArguments(DataProviderMethodMatcher.java:45)
at org.testng.internal.Parameters.injectParameters(Parameters.java:796)
at org.testng.internal.Invoker.invokeTestMethods(Invoker.java:983)
at org.testng.internal.TestMethodWorker.invokeTestMethods(TestMethodWorker.java:125)
at org.testng.internal.TestMethodWorker.run(TestMethodWorker.java:109)
at org.testng.TestRunner.privateRun(TestRunner.java:648)
at org.testng.TestRunner.run(TestRunner.java:505)
at org.testng.SuiteRunner.runTest(SuiteRunner.java:455)
at org.testng.SuiteRunner.access$000(SuiteRunner.java:40)
at org.testng.SuiteRunner$SuiteWorker.run(SuiteRunner.java:489)
at org.testng.internal.thread.ThreadUtil$1.call(ThreadUtil.java:52)
at java.base/java.util.concurrent.FutureTask.run(FutureTask.java:264)
at java.base/java.util.concurrent.ThreadPoolExecutor.runWorker(ThreadPoolExecutor.java:1167)
at java.base/java.util.concurrent.ThreadPoolExecutor$Worker.run(ThreadPoolExecutor.java:641)
at java.base/java.lang.Thread.run(Thread.java:844)
]]>
            </full-stacktrace>
          </exception> <!-- org.testng.internal.reflect.MethodMatcherException -->
          <reporter-output>
          </reporter-output>
        </test-method> <!-- UpdateIndustryTypeTest -->
        <test-method is-config="true" signature="checkTestSkip()[pri:0, instance:office.sirion.suite.clientAdmin.UpdateIndustryType@d62fe5b]" started-at="2020-04-20T11:08:07Z" name="checkTestSkip" finished-at="2020-04-20T11:08:07Z" duration-ms="0" status="SKIP">
          <reporter-output>
          </reporter-output>
        </test-method> <!-- checkTestSkip -->
        <test-method is-config="true" signature="reportTestResult()[pri:0, instance:office.sirion.suite.clientAdmin.UpdateIndustryType@d62fe5b]" started-at="2020-04-20T11:08:07Z" name="reportTestResult" finished-at="2020-04-20T11:08:07Z" duration-ms="0" status="SKIP">
          <reporter-output>
          </reporter-output>
        </test-method> <!-- reportTestResult -->
      </class> <!-- office.sirion.suite.clientAdmin.UpdateIndustryType -->
    </test> <!-- Client Admin - Update IndustryType -->
    <test started-at="2020-04-20T11:08:07Z" name="Client Admin - Update TransactionType" finished-at="2020-04-20T11:08:07Z" duration-ms="3">
      <class name="office.sirion.suite.clientAdmin.UpdateTransactionType">
        <test-method signature="UpdateTransactionTypeTest(java.lang.String, java.lang.String, java.lang.String)[pri:0, instance:office.sirion.suite.clientAdmin.UpdateTransactionType@7749bf93]" started-at="2020-04-20T11:08:07Z" name="UpdateTransactionTypeTest" data-provider="getTestData" finished-at="2020-04-20T11:08:07Z" duration-ms="1" status="FAIL">
          <exception class="org.testng.internal.reflect.MethodMatcherException">
            <message>
              <![CDATA[
Data provider mismatch
Method: UpdateTransactionTypeTest([Parameter{index=0, type=java.lang.String, declaredAnnotations=[]}, Parameter{index=1, type=java.lang.String, declaredAnnotations=[]}, Parameter{index=2, type=java.lang.String, declaredAnnotations=[]}])
Arguments: []]]>
            </message>
            <full-stacktrace>
              <![CDATA[org.testng.internal.reflect.MethodMatcherException: 
Data provider mismatch
Method: UpdateTransactionTypeTest([Parameter{index=0, type=java.lang.String, declaredAnnotations=[]}, Parameter{index=1, type=java.lang.String, declaredAnnotations=[]}, Parameter{index=2, type=java.lang.String, declaredAnnotations=[]}])
Arguments: []
at org.testng.internal.reflect.DataProviderMethodMatcher.getConformingArguments(DataProviderMethodMatcher.java:45)
at org.testng.internal.Parameters.injectParameters(Parameters.java:796)
at org.testng.internal.Invoker.invokeTestMethods(Invoker.java:983)
at org.testng.internal.TestMethodWorker.invokeTestMethods(TestMethodWorker.java:125)
at org.testng.internal.TestMethodWorker.run(TestMethodWorker.java:109)
at org.testng.TestRunner.privateRun(TestRunner.java:648)
at org.testng.TestRunner.run(TestRunner.java:505)
at org.testng.SuiteRunner.runTest(SuiteRunner.java:455)
at org.testng.SuiteRunner.access$000(SuiteRunner.java:40)
at org.testng.SuiteRunner$SuiteWorker.run(SuiteRunner.java:489)
at org.testng.internal.thread.ThreadUtil$1.call(ThreadUtil.java:52)
at java.base/java.util.concurrent.FutureTask.run(FutureTask.java:264)
at java.base/java.util.concurrent.ThreadPoolExecutor.runWorker(ThreadPoolExecutor.java:1167)
at java.base/java.util.concurrent.ThreadPoolExecutor$Worker.run(ThreadPoolExecutor.java:641)
at java.base/java.lang.Thread.run(Thread.java:844)
]]>
            </full-stacktrace>
          </exception> <!-- org.testng.internal.reflect.MethodMatcherException -->
          <reporter-output>
          </reporter-output>
        </test-method> <!-- UpdateTransactionTypeTest -->
        <test-method is-config="true" signature="checkTestSkip()[pri:0, instance:office.sirion.suite.clientAdmin.UpdateTransactionType@7749bf93]" started-at="2020-04-20T11:08:07Z" name="checkTestSkip" finished-at="2020-04-20T11:08:07Z" duration-ms="0" status="SKIP">
          <reporter-output>
          </reporter-output>
        </test-method> <!-- checkTestSkip -->
        <test-method is-config="true" signature="reportTestResult()[pri:0, instance:office.sirion.suite.clientAdmin.UpdateTransactionType@7749bf93]" started-at="2020-04-20T11:08:07Z" name="reportTestResult" finished-at="2020-04-20T11:08:07Z" duration-ms="0" status="SKIP">
          <reporter-output>
          </reporter-output>
        </test-method> <!-- reportTestResult -->
      </class> <!-- office.sirion.suite.clientAdmin.UpdateTransactionType -->
    </test> <!-- Client Admin - Update TransactionType -->
    <test started-at="2020-04-20T11:08:07Z" name="Client Admin - Password Policy" finished-at="2020-04-20T11:08:07Z" duration-ms="4">
      <class name="office.sirion.suite.clientAdmin.PasswordPolicy">
        <test-method is-config="true" signature="checkSuiteSkip()[pri:0, instance:office.sirion.suite.clientAdmin.PasswordPolicy@2631f68c]" started-at="2020-04-20T11:08:03Z" name="checkSuiteSkip" finished-at="2020-04-20T11:08:06Z" duration-ms="2840" status="SKIP">
          <exception class="org.testng.SkipException">
            <message>
              <![CDATA[Runmode of Client Admin Suite set to NO. So Skipping all tests in Client Admin Suite]]>
            </message>
            <full-stacktrace>
              <![CDATA[org.testng.SkipException: Runmode of Client Admin Suite set to NO. So Skipping all tests in Client Admin Suite
at office.sirion.suite.clientAdmin.TestSuiteBase.checkSuiteSkip(TestSuiteBase.java:17)
at java.base/jdk.internal.reflect.NativeMethodAccessorImpl.invoke0(Native Method)
at java.base/jdk.internal.reflect.NativeMethodAccessorImpl.invoke(NativeMethodAccessorImpl.java:62)
at java.base/jdk.internal.reflect.DelegatingMethodAccessorImpl.invoke(DelegatingMethodAccessorImpl.java:43)
at java.base/java.lang.reflect.Method.invoke(Method.java:564)
at org.testng.internal.MethodInvocationHelper.invokeMethod(MethodInvocationHelper.java:124)
at org.testng.internal.MethodInvocationHelper.invokeMethodConsideringTimeout(MethodInvocationHelper.java:59)
at org.testng.internal.Invoker.invokeConfigurationMethod(Invoker.java:458)
at org.testng.internal.Invoker.invokeConfigurations(Invoker.java:222)
at org.testng.internal.Invoker.invokeConfigurations(Invoker.java:142)
at org.testng.SuiteRunner.privateRun(SuiteRunner.java:401)
at org.testng.SuiteRunner.run(SuiteRunner.java:364)
at org.testng.SuiteRunnerWorker.runSuite(SuiteRunnerWorker.java:52)
at org.testng.SuiteRunnerWorker.run(SuiteRunnerWorker.java:84)
at org.testng.TestNG.runSuitesSequentially(TestNG.java:1208)
at org.testng.TestNG.runSuitesSequentially(TestNG.java:1204)
at org.testng.TestNG.runSuitesLocally(TestNG.java:1137)
at org.testng.TestNG.runSuites(TestNG.java:1049)
at org.testng.TestNG.run(TestNG.java:1017)
at org.apache.maven.surefire.testng.TestNGExecutor.run(TestNGExecutor.java:283)
at org.apache.maven.surefire.testng.TestNGXmlTestSuite.execute(TestNGXmlTestSuite.java:75)
at org.apache.maven.surefire.testng.TestNGProvider.invoke(TestNGProvider.java:120)
at org.apache.maven.surefire.booter.ForkedBooter.invokeProviderInSameClassLoader(ForkedBooter.java:373)
at org.apache.maven.surefire.booter.ForkedBooter.runSuitesInProcess(ForkedBooter.java:334)
at org.apache.maven.surefire.booter.ForkedBooter.execute(ForkedBooter.java:119)
at org.apache.maven.surefire.booter.ForkedBooter.main(ForkedBooter.java:407)
]]>
            </full-stacktrace>
          </exception> <!-- org.testng.SkipException -->
          <reporter-output>
          </reporter-output>
        </test-method> <!-- checkSuiteSkip -->
        <test-method signature="PasswordPolicyTest(java.lang.String, java.lang.String, java.lang.String, java.lang.String, java.lang.String, java.lang.String, java.lang.String, java.lang.String, java.lang.String, java.lang.String, java.lang.String, java.lang.String, java.lang.String, java.lang.String, java.lang.String, java.lang.String, java.lang.String, java.lang.String)[pri:0, instance:office.sirion.suite.clientAdmin.PasswordPolicy@2631f68c]" started-at="2020-04-20T11:08:07Z" name="PasswordPolicyTest" data-provider="getTestData" finished-at="2020-04-20T11:08:07Z" duration-ms="3" status="FAIL">
          <exception class="org.testng.internal.reflect.MethodMatcherException">
            <message>
              <![CDATA[
Data provider mismatch
Method: PasswordPolicyTest([Parameter{index=0, type=java.lang.String, declaredAnnotations=[]}, Parameter{index=1, type=java.lang.String, declaredAnnotations=[]}, Parameter{index=2, type=java.lang.String, declaredAnnotations=[]}, Parameter{index=3, type=java.lang.String, declaredAnnotations=[]}, Parameter{index=4, type=java.lang.String, declaredAnnotations=[]}, Parameter{index=5, type=java.lang.String, declaredAnnotations=[]}, Parameter{index=6, type=java.lang.String, declaredAnnotations=[]}, Parameter{index=7, type=java.lang.String, declaredAnnotations=[]}, Parameter{index=8, type=java.lang.String, declaredAnnotations=[]}, Parameter{index=9, type=java.lang.String, declaredAnnotations=[]}, Parameter{index=10, type=java.lang.String, declaredAnnotations=[]}, Parameter{index=11, type=java.lang.String, declaredAnnotations=[]}, Parameter{index=12, type=java.lang.String, declaredAnnotations=[]}, Parameter{index=13, type=java.lang.String, declaredAnnotations=[]}, Parameter{index=14, type=java.lang.String, declaredAnnotations=[]}, Parameter{index=15, type=java.lang.String, declaredAnnotations=[]}, Parameter{index=16, type=java.lang.String, declaredAnnotations=[]}, Parameter{index=17, type=java.lang.String, declaredAnnotations=[]}])
Arguments: [(java.lang.String) No,(java.lang.String) 30.0,(java.lang.String) 30.0,(java.lang.String) 30.0,(java.lang.String) No,(java.lang.String) 5.0,(java.lang.String) 8.0,(java.lang.String) Must mix alpha and numeric characters,(java.lang.String) Cannot Contain Password,(java.lang.String) 20.0,(java.lang.String) No,(java.lang.String) 60.0,(java.lang.String) No,(java.lang.String) 20.0,(java.lang.String) 180.0,(java.lang.String) No,(java.lang.String) Yes,(java.lang.String) Auto reset users passwords,(java.lang.String) ]]]>
            </message>
            <full-stacktrace>
              <![CDATA[org.testng.internal.reflect.MethodMatcherException: 
Data provider mismatch
Method: PasswordPolicyTest([Parameter{index=0, type=java.lang.String, declaredAnnotations=[]}, Parameter{index=1, type=java.lang.String, declaredAnnotations=[]}, Parameter{index=2, type=java.lang.String, declaredAnnotations=[]}, Parameter{index=3, type=java.lang.String, declaredAnnotations=[]}, Parameter{index=4, type=java.lang.String, declaredAnnotations=[]}, Parameter{index=5, type=java.lang.String, declaredAnnotations=[]}, Parameter{index=6, type=java.lang.String, declaredAnnotations=[]}, Parameter{index=7, type=java.lang.String, declaredAnnotations=[]}, Parameter{index=8, type=java.lang.String, declaredAnnotations=[]}, Parameter{index=9, type=java.lang.String, declaredAnnotations=[]}, Parameter{index=10, type=java.lang.String, declaredAnnotations=[]}, Parameter{index=11, type=java.lang.String, declaredAnnotations=[]}, Parameter{index=12, type=java.lang.String, declaredAnnotations=[]}, Parameter{index=13, type=java.lang.String, declaredAnnotations=[]}, Parameter{index=14, type=java.lang.String, declaredAnnotations=[]}, Parameter{index=15, type=java.lang.String, declaredAnnotations=[]}, Parameter{index=16, type=java.lang.String, declaredAnnotations=[]}, Parameter{index=17, type=java.lang.String, declaredAnnotations=[]}])
Arguments: [(java.lang.String) No,(java.lang.String) 30.0,(java.lang.String) 30.0,(java.lang.String) 30.0,(java.lang.String) No,(java.lang.String) 5.0,(java.lang.String) 8.0,(java.lang.String) Must mix alpha and numeric characters,(java.lang.String) Cannot Contain Password,(java.lang.String) 20.0,(java.lang.String) No,(java.lang.String) 60.0,(java.lang.String) No,(java.lang.String) 20.0,(java.lang.String) 180.0,(java.lang.String) No,(java.lang.String) Yes,(java.lang.String) Auto reset users passwords,(java.lang.String) ]
at org.testng.internal.reflect.DataProviderMethodMatcher.getConformingArguments(DataProviderMethodMatcher.java:45)
at org.testng.internal.Parameters.injectParameters(Parameters.java:796)
at org.testng.internal.Invoker.invokeTestMethods(Invoker.java:983)
at org.testng.internal.TestMethodWorker.invokeTestMethods(TestMethodWorker.java:125)
at org.testng.internal.TestMethodWorker.run(TestMethodWorker.java:109)
at org.testng.TestRunner.privateRun(TestRunner.java:648)
at org.testng.TestRunner.run(TestRunner.java:505)
at org.testng.SuiteRunner.runTest(SuiteRunner.java:455)
at org.testng.SuiteRunner.access$000(SuiteRunner.java:40)
at org.testng.SuiteRunner$SuiteWorker.run(SuiteRunner.java:489)
at org.testng.internal.thread.ThreadUtil$1.call(ThreadUtil.java:52)
at java.base/java.util.concurrent.FutureTask.run(FutureTask.java:264)
at java.base/java.util.concurrent.ThreadPoolExecutor.runWorker(ThreadPoolExecutor.java:1167)
at java.base/java.util.concurrent.ThreadPoolExecutor$Worker.run(ThreadPoolExecutor.java:641)
at java.base/java.lang.Thread.run(Thread.java:844)
]]>
            </full-stacktrace>
          </exception> <!-- org.testng.internal.reflect.MethodMatcherException -->
          <reporter-output>
          </reporter-output>
        </test-method> <!-- PasswordPolicyTest -->
        <test-method is-config="true" signature="checkTestSkip()[pri:0, instance:office.sirion.suite.clientAdmin.PasswordPolicy@2631f68c]" started-at="2020-04-20T11:08:07Z" name="checkTestSkip" finished-at="2020-04-20T11:08:07Z" duration-ms="0" status="SKIP">
          <reporter-output>
          </reporter-output>
        </test-method> <!-- checkTestSkip -->
        <test-method is-config="true" signature="reportTestResult()[pri:0, instance:office.sirion.suite.clientAdmin.PasswordPolicy@2631f68c]" started-at="2020-04-20T11:08:07Z" name="reportTestResult" finished-at="2020-04-20T11:08:07Z" duration-ms="0" status="SKIP">
          <reporter-output>
          </reporter-output>
        </test-method> <!-- reportTestResult -->
        <test-method is-config="true" signature="checkSuiteClosure()[pri:0, instance:office.sirion.suite.clientAdmin.PasswordPolicy@2631f68c]" started-at="2020-04-20T11:08:07Z" name="checkSuiteClosure" finished-at="2020-04-20T11:08:07Z" duration-ms="0" status="SKIP">
          <reporter-output>
          </reporter-output>
        </test-method> <!-- checkSuiteClosure -->
      </class> <!-- office.sirion.suite.clientAdmin.PasswordPolicy -->
    </test> <!-- Client Admin - Password Policy -->
  </suite> <!-- Client Admin Suite -->
</testng-results>
