<?xml version="1.0" encoding="UTF-8"?>
<testsuite name="Client Admin - ClauseType"
           tests="6"
           failures="0"
           errors="0"
           skipped="6"
           time="0.000">
  <properties />
  
            <testcase name="checkTestSkip" time="0.0" classname="office.sirion.suite.clientAdmin.ClauseType">
          <skipped />
    </testcase>
            <testcase name="reportDataSetResult" time="0.0" classname="office.sirion.suite.clientAdmin.ClauseType">
          <skipped />
    </testcase>
            <testcase name="reportTestResult" time="0.0" classname="office.sirion.suite.clientAdmin.ClauseType">
          <skipped />
    </testcase>
            <testcase name="reportDataSetResult" time="0.0" classname="office.sirion.suite.clientAdmin.ClauseType">
          <skipped />
    </testcase>
            <testcase name="ClauseTypeCreation" time="0.0" classname="office.sirion.suite.clientAdmin.ClauseType">
          <skipped />
    </testcase>
            <testcase name="ClauseTypeCreation" time="0.0" classname="office.sirion.suite.clientAdmin.ClauseType">
          <skipped />
    </testcase>
  
  
</testsuite>
