<?xml version="1.0" encoding="UTF-8"?>
<testsuite name="Client Admin - Update WORType"
           tests="3"
           failures="1"
           errors="0"
           skipped="2"
           time="0.000">
  <properties />
            <testcase name="UpdateInterpretationTypeTest" time="0.000" classname="office.sirion.suite.clientAdmin.UpdateWORType">
                <failure type="org.testng.internal.reflect.MethodMatcherException"
                  message="
Data provider mismatch
Method: UpdateInterpretationTypeTest([Parameter{index=0, type=java.lang.String, declaredAnnotations=[]}, Parameter{index=1, type=java.lang.String, declaredAnnotations=[]}, Parameter{index=2, type=java.lang.String, declaredAnnotations=[]}])
Arguments: []"
              >
<![CDATA[org.testng.internal.reflect.MethodMatcherException: 
Data provider mismatch
Method: UpdateInterpretationTypeTest([Parameter{index=0, type=java.lang.String, declaredAnnotations=[]}, Parameter{index=1, type=java.lang.String, declaredAnnotations=[]}, Parameter{index=2, type=java.lang.String, declaredAnnotations=[]}])
Arguments: []
  org.testng.internal.reflect.DataProviderMethodMatcher.getConformingArguments(DataProviderMethodMatcher.java:45)
  org.testng.internal.Parameters.injectParameters(Parameters.java:796)
  org.testng.internal.Invoker.invokeTestMethods(Invoker.java:983)
  org.testng.internal.TestMethodWorker.invokeTestMethods(TestMethodWorker.java:125)
  org.testng.internal.TestMethodWorker.run(TestMethodWorker.java:109)
  org.testng.TestRunner.privateRun(TestRunner.java:648)
  org.testng.TestRunner.run(TestRunner.java:505)
  org.testng.SuiteRunner.runTest(SuiteRunner.java:455)
  org.testng.SuiteRunner.access$000(SuiteRunner.java:40)
  org.testng.SuiteRunner$SuiteWorker.run(SuiteRunner.java:489)
  org.testng.internal.thread.ThreadUtil$1.call(ThreadUtil.java:52)
  java.base/java.util.concurrent.FutureTask.run(FutureTask.java:264)
  java.base/java.util.concurrent.ThreadPoolExecutor.runWorker(ThreadPoolExecutor.java:1167)
  java.base/java.util.concurrent.ThreadPoolExecutor$Worker.run(ThreadPoolExecutor.java:641)
  java.base/java.lang.Thread.run(Thread.java:844)
]]>
      </failure>

          </testcase>
  
            <testcase name="reportTestResult" time="0.0" classname="office.sirion.suite.clientAdmin.UpdateWORType">
          <skipped />
    </testcase>
            <testcase name="checkTestSkip" time="0.0" classname="office.sirion.suite.clientAdmin.UpdateWORType">
          <skipped />
    </testcase>
  
  
</testsuite>
