<?xml version="1.0" encoding="UTF-8"?>
<testsuite name="Client Admin - AdvancedOrganization"
           tests="4"
           failures="0"
           errors="0"
           skipped="4"
           time="0.000">
  <properties />
  
            <testcase name="reportDataSetResult" time="0.0" classname="office.sirion.suite.clientAdmin.AdvancedOrganization">
          <skipped />
    </testcase>
            <testcase name="reportTestResult" time="0.0" classname="office.sirion.suite.clientAdmin.AdvancedOrganization">
          <skipped />
    </testcase>
            <testcase name="checkTestSkip" time="0.0" classname="office.sirion.suite.clientAdmin.AdvancedOrganization">
          <skipped />
    </testcase>
            <testcase name="AdvancedOrganizationTest" time="0.0" classname="office.sirion.suite.clientAdmin.AdvancedOrganization">
          <skipped />
    </testcase>
  
  
</testsuite>
