<?xml version="1.0" encoding="UTF-8"?>
<testsuite name="Client Admin - InternalContractingParty"
           tests="2"
           failures="0"
           errors="0"
           skipped="2"
           time="0.000">
  <properties />
  
            <testcase name="reportTestResult" time="0.0" classname="office.sirion.suite.clientAdmin.InternalContractingParty">
          <skipped />
    </testcase>
            <testcase name="checkTestSkip" time="0.0" classname="office.sirion.suite.clientAdmin.InternalContractingParty">
          <skipped />
    </testcase>
  
  
</testsuite>
